<!DOCTYPE html PUBLIC "-//W3C//DTD XHTML 1.1//EN" "http://www.w3.org/TR/xhtml11/DTD/xhtml11.dtd">
<html xmlns="http://www.w3.org/1999/xhtml">
<head>
<meta http-equiv="content-type" content="text/html; charset=UTF-8"/>
<title>TestNG Report</title>
<style type="text/css">table {margin-bottom:10px;border-collapse:collapse;empty-cells:show}th,td {border:1px solid #009;padding:.25em .5em}th {vertical-align:bottom}td {vertical-align:top}table a {font-weight:bold}.stripe td {background-color: #E6EBF9}.num {text-align:right}.passedodd td {background-color: #3F3}.passedeven td {background-color: #0A0}.skippedodd td {background-color: #DDD}.skippedeven td {background-color: #CCC}.failedodd td,.attn {background-color: #F33}.failedeven td,.stripe .attn {background-color: #D00}.stacktrace {white-space:pre;font-family:monospace}.totop {font-size:85%;text-align:center;border-bottom:2px solid #000}.invisible {display:none}</style>
</head>
<body>
<table>
<tr><th>Test</th><th># Passed</th><th># Skipped</th><th># Retried</th><th># Failed</th><th>Time (ms)</th><th>Included Groups</th><th>Excluded Groups</th></tr>
<tr><th colspan="8">Surefire suite</th></tr>
<tr><td><a href="#t0">Surefire test</a></td><td class="num">11</td><td class="num attn">1</td><td class="num">0</td><td class="num attn">2</td><td class="num">232,017</td><td></td><td></td></tr>
</table>
<table id='summary'><thead><tr><th>Class</th><th>Method</th><th>Start</th><th>Time (ms)</th></tr></thead><tbody><tr><th colspan="4">Surefire suite</th></tr></tbody><tbody id="t0"><tr><th colspan="4">Surefire test &#8212; failed (configuration methods)</th></tr><tr class="failedeven"><td rowspan="1">com.crm.qa.testcases.LoginPageTest</td><td><a href="#m0">setUp</a></td><td rowspan="1">1612844110736</td><td rowspan="1">3398</td></tr><tr><th colspan="4">Surefire test &#8212; failed</th></tr><tr class="failedeven"><td rowspan="2">com.crm.qa.testcases.ContactsPageTest</td><td><a href="#m1">multipleContactsNameTest</a></td><td rowspan="1">1612844031494</td><td rowspan="1">21441</td></tr><tr class="failedeven"><td><a href="#m2">singleContactsNameTest</a></td><td rowspan="1">1612844000165</td><td rowspan="1">21212</td></tr><tr><th colspan="4">Surefire test &#8212; skipped (configuration methods)</th></tr><tr class="skippedeven"><td rowspan="1">com.crm.qa.testcases.LoginPageTest</td><td><a href="#m3">tearDown</a></td><td rowspan="1">1612844114141</td><td rowspan="1">-1612844114141</td></tr><tr><th colspan="4">Surefire test &#8212; skipped</th></tr><tr class="skippedeven"><td rowspan="1">com.crm.qa.testcases.LoginPageTest</td><td><a href="#m4">clickOnSignUpPageLinkTest</a></td><td rowspan="1">1612844114140</td><td rowspan="1">0</td></tr><tr><th colspan="4">Surefire test &#8212; passed</th></tr><tr class="passedeven"><td rowspan="1">com.crm.qa.testcases.ContactsPageTest</td><td><a href="#m5">contactsLabelTest</a></td><td rowspan="1">1612843988928</td><td rowspan="1">1327</td></tr><tr class="passedodd"><td rowspan="3">com.crm.qa.testcases.HomePageTest</td><td><a href="#m6">displayNameTest</a></td><td rowspan="1">1612844078794</td><td rowspan="1">1550</td></tr><tr class="passedodd"><td><a href="#m7">homePageTitleTest</a></td><td rowspan="1">1612844066187</td><td rowspan="1">372</td></tr><tr class="passedodd"><td><a href="#m8">verifyContactsPageLink</a></td><td rowspan="1">1612844089697</td><td rowspan="1">1375</td></tr><tr class="passedeven"><td rowspan="2">com.crm.qa.testcases.LoginPageTest</td><td><a href="#m9">loginPageTitleTest</a></td><td rowspan="1">1612844100387</td><td rowspan="1">11</td></tr><tr class="passedeven"><td><a href="#m10">loginTest</a></td><td rowspan="1">1612844109341</td><td rowspan="1">612</td></tr><tr class="passedodd"><td rowspan="5">com.crm.qa.testcases.NewContactsPageTest</td><td><a href="#m11">newContactCreationTest</a></td><td rowspan="5">1612844126524</td><td rowspan="5">6550</td></tr><tr class="passedodd"><td><a href="#m12">newContactCreationTest</a></td></tr><tr class="passedodd"><td><a href="#m13">newContactCreationTest</a></td></tr><tr class="passedodd"><td><a href="#m14">newContactCreationTest</a></td></tr><tr class="passedodd"><td><a href="#m15">newContactCreationTest</a></td></tr></tbody>
</table>
<h2>Surefire test</h2><h3 id="m0">com.crm.qa.testcases.LoginPageTest#setUp</h3><table class="result"><tr><th>Exception</th></tr><tr><td><div class="stacktrace">org.openqa.selenium.SessionNotCreatedException: session not created
from tab crashed
  (Session info: headless chrome=88.0.4324.146)
Build info: version: &apos;3.141.59&apos;, revision: &apos;e82be7d358&apos;, time: &apos;2018-11-14T08:17:03&apos;
System info: host: &apos;DELL5250&apos;, ip: &apos;192.168.2.14&apos;, os.name: &apos;Windows 10&apos;, os.arch: &apos;amd64&apos;, os.version: &apos;10.0&apos;, java.version: &apos;1.8.0_281&apos;
Driver info: driver.version: ChromeDriver
remote stacktrace: Backtrace:
	GetHandleVerifier [0x0037B963+483]
	GetHandleVerifier [0x0037B941+449]
	GetHandleVerifier [0x007231B0+3832368]
	GetHandleVerifier [0x00718250+3787472]
	GetHandleVerifier [0x00718028+3786920]
	GetHandleVerifier [0x007176CD+3784525]
	GetHandleVerifier [0x00716A47+3781319]
	GetHandleVerifier [0x00716E36+3782326]
	GetHandleVerifier [0x00716765+3780581]
	GetHandleVerifier [0x0071FB21+3818401]
	GetHandleVerifier [0x00716721+3780513]
	GetHandleVerifier [0x007174B2+3783986]
	GetHandleVerifier [0x00716A47+3781319]
	GetHandleVerifier [0x00716E36+3782326]
	GetHandleVerifier [0x00716765+3780581]
	GetHandleVerifier [0x0071BD38+3802552]
	GetHandleVerifier [0x0071BD87+3802631]
	GetHandleVerifier [0x00716721+3780513]
	GetHandleVerifier [0x007174B2+3783986]
	GetHandleVerifier [0x00716A47+3781319]
	GetHandleVerifier [0x00716E36+3782326]
	GetHandleVerifier [0x00716765+3780581]
	GetHandleVerifier [0x0071DF9C+3811356]
	GetHandleVerifier [0x00716721+3780513]
	GetHandleVerifier [0x007174B2+3783986]
	GetHandleVerifier [0x00716A47+3781319]
	GetHandleVerifier [0x00716E36+3782326]
	GetHandleVerifier [0x00716765+3780581]
	GetHandleVerifier [0x0071C392+3804178]
	GetHandleVerifier [0x00716721+3780513]
	GetHandleVerifier [0x007174B2+3783986]
	GetHandleVerifier [0x00716A47+3781319]
	GetHandleVerifier [0x00716E36+3782326]
	GetHandleVerifier [0x00716765+3780581]
	GetHandleVerifier [0x0071B655+3800789]
	GetHandleVerifier [0x00716721+3780513]
	GetHandleVerifier [0x007174B2+3783986]
	GetHandleVerifier [0x00716A47+3781319]
	GetHandleVerifier [0x00716E36+3782326]
	GetHandleVerifier [0x00716765+3780581]
	GetHandleVerifier [0x00712F46+3766214]
	GetHandleVerifier [0x00716721+3780513]
	GetHandleVerifier [0x00716543+3780035]
	GetHandleVerifier [0x00716337+3779511]
	GetHandleVerifier [0x00724540+3837376]
	GetHandleVerifier [0x0075F4BC+4078908]
	GetHandleVerifier [0x0075E56C+4074988]
	GetHandleVerifier [0x0075B2EB+4062059]
	GetHandleVerifier [0x0073ED14+3945876]
	GetHandleVerifier [0x0073FBCE+3949646]
	GetHandleVerifier [0x0073FB59+3949529]
	Ordinal0 [0x0033B5CC+46540]
	Ordinal0 [0x00339F53+40787]
	Ordinal0 [0x00339B12+39698]
	GetHandleVerifier [0x00641468+2907368]
	GetHandleVerifier [0x004871EE+1096302]
	GetHandleVerifier [0x00443E8D+821005]
	GetHandleVerifier [0x0044396B+819691]
	GetHandleVerifier [0x00443881+819457]
	GetHandleVerifier [0x0046F463+998627]
	BaseThreadInitThunk [0x76A7FA29+25]
	RtlGetAppContainerNamedObjectPath [0x77A375F4+228]
	RtlGetAppContainerNamedObjectPath [0x77A375C4+180]

	at org.openqa.selenium.remote.W3CHandshakeResponse.lambda$errorHandler$0(W3CHandshakeResponse.java:62)
	at org.openqa.selenium.remote.HandshakeResponse.lambda$getResponseFunction$0(HandshakeResponse.java:30)
	at org.openqa.selenium.remote.ProtocolHandshake.lambda$createSession$0(ProtocolHandshake.java:126)
	at java.util.stream.ReferencePipeline$3$1.accept(ReferencePipeline.java:193)
	at java.util.Spliterators$ArraySpliterator.tryAdvance(Spliterators.java:958)
	at java.util.stream.ReferencePipeline.forEachWithCancel(ReferencePipeline.java:126)
	at java.util.stream.AbstractPipeline.copyIntoWithCancel(AbstractPipeline.java:499)
	at java.util.stream.AbstractPipeline.copyInto(AbstractPipeline.java:486)
	at java.util.stream.AbstractPipeline.wrapAndCopyInto(AbstractPipeline.java:472)
	at java.util.stream.FindOps$FindOp.evaluateSequential(FindOps.java:152)
	at java.util.stream.AbstractPipeline.evaluate(AbstractPipeline.java:234)
	at java.util.stream.ReferencePipeline.findFirst(ReferencePipeline.java:464)
	at org.openqa.selenium.remote.ProtocolHandshake.createSession(ProtocolHandshake.java:128)
	at org.openqa.selenium.remote.ProtocolHandshake.createSession(ProtocolHandshake.java:74)
	at org.openqa.selenium.remote.HttpCommandExecutor.execute(HttpCommandExecutor.java:136)
	at org.openqa.selenium.remote.service.DriverCommandExecutor.execute(DriverCommandExecutor.java:83)
	at org.openqa.selenium.remote.RemoteWebDriver.execute(RemoteWebDriver.java:552)
	at org.openqa.selenium.remote.RemoteWebDriver.startSession(RemoteWebDriver.java:213)
	at org.openqa.selenium.remote.RemoteWebDriver.&lt;init&gt;(RemoteWebDriver.java:131)
	at org.openqa.selenium.chrome.ChromeDriver.&lt;init&gt;(ChromeDriver.java:181)
	at org.openqa.selenium.chrome.ChromeDriver.&lt;init&gt;(ChromeDriver.java:168)
	at org.openqa.selenium.chrome.ChromeDriver.&lt;init&gt;(ChromeDriver.java:157)
	at com.crm.qa.base.TestBase.initialization(TestBase.java:40)
	at com.crm.qa.testcases.LoginPageTest.setUp(LoginPageTest.java:29)
	at java.util.ArrayList.forEach(ArrayList.java:1259)
... Removed 40 stack frames</div></td></tr></table><p class="totop"><a href="#summary">back to summary</a></p>
<h3 id="m1">com.crm.qa.testcases.ContactsPageTest#multipleContactsNameTest</h3><table class="result"><tr><th>Exception</th></tr><tr><td><div class="stacktrace">org.openqa.selenium.NoSuchElementException: no such element: Unable to locate element: {&quot;method&quot;:&quot;xpath&quot;,&quot;selector&quot;:&quot;//td[contains(text(),&apos;neenu samuel&apos;)]&quot;}
  (Session info: headless chrome=88.0.4324.146)
For documentation on this error, please visit: https://www.seleniumhq.org/exceptions/no_such_element.html
Build info: version: &apos;3.141.59&apos;, revision: &apos;e82be7d358&apos;, time: &apos;2018-11-14T08:17:03&apos;
System info: host: &apos;DELL5250&apos;, ip: &apos;192.168.2.14&apos;, os.name: &apos;Windows 10&apos;, os.arch: &apos;amd64&apos;, os.version: &apos;10.0&apos;, java.version: &apos;1.8.0_281&apos;
Driver info: org.openqa.selenium.chrome.ChromeDriver
Capabilities {acceptInsecureCerts: false, browserName: chrome, browserVersion: 88.0.4324.146, chrome: {chromedriverVersion: 88.0.4324.96 (68dba2d8a0b14..., userDataDir: C:\Users\neenu\AppData\Loca...}, goog:chromeOptions: {debuggerAddress: localhost:65409}, javascriptEnabled: true, networkConnectionEnabled: false, pageLoadStrategy: normal, platform: WINDOWS, platformName: WINDOWS, proxy: Proxy(), setWindowRect: true, strictFileInteractability: false, timeouts: {implicit: 0, pageLoad: 300000, script: 30000}, unhandledPromptBehavior: dismiss and notify, webauthn:extension:largeBlob: true, webauthn:virtualAuthenticators: true}
Session ID: fdd5f60a0ecb799e5605c7bc648de478
*** Element info: {Using=xpath, value=//td[contains(text(),&apos;neenu samuel&apos;)]}
	at org.openqa.selenium.remote.http.W3CHttpResponseCodec.createException(W3CHttpResponseCodec.java:187)
	at org.openqa.selenium.remote.http.W3CHttpResponseCodec.decode(W3CHttpResponseCodec.java:122)
	at org.openqa.selenium.remote.http.W3CHttpResponseCodec.decode(W3CHttpResponseCodec.java:49)
	at org.openqa.selenium.remote.HttpCommandExecutor.execute(HttpCommandExecutor.java:158)
	at org.openqa.selenium.remote.service.DriverCommandExecutor.execute(DriverCommandExecutor.java:83)
	at org.openqa.selenium.remote.RemoteWebDriver.execute(RemoteWebDriver.java:552)
	at org.openqa.selenium.remote.RemoteWebDriver.findElement(RemoteWebDriver.java:323)
	at org.openqa.selenium.remote.RemoteWebDriver.findElementByXPath(RemoteWebDriver.java:428)
	at org.openqa.selenium.By$ByXPath.findElement(By.java:353)
	at org.openqa.selenium.remote.RemoteWebDriver.findElement(RemoteWebDriver.java:315)
	at com.crm.qa.pages.ContactsPage.selectContactsName(ContactsPage.java:27)
	at com.crm.qa.testcases.ContactsPageTest.multipleContactsNameTest(ContactsPageTest.java:49)
	at java.util.ArrayList.forEach(ArrayList.java:1259)
... Removed 36 stack frames</div></td></tr></table><p class="totop"><a href="#summary">back to summary</a></p>
<h3 id="m2">com.crm.qa.testcases.ContactsPageTest#singleContactsNameTest</h3><table class="result"><tr><th>Exception</th></tr><tr><td><div class="stacktrace">org.openqa.selenium.NoSuchElementException: no such element: Unable to locate element: {&quot;method&quot;:&quot;xpath&quot;,&quot;selector&quot;:&quot;//td[contains(text(),&apos;a k&apos;)]&quot;}
  (Session info: headless chrome=88.0.4324.146)
For documentation on this error, please visit: https://www.seleniumhq.org/exceptions/no_such_element.html
Build info: version: &apos;3.141.59&apos;, revision: &apos;e82be7d358&apos;, time: &apos;2018-11-14T08:17:03&apos;
System info: host: &apos;DELL5250&apos;, ip: &apos;192.168.2.14&apos;, os.name: &apos;Windows 10&apos;, os.arch: &apos;amd64&apos;, os.version: &apos;10.0&apos;, java.version: &apos;1.8.0_281&apos;
Driver info: org.openqa.selenium.chrome.ChromeDriver
Capabilities {acceptInsecureCerts: false, browserName: chrome, browserVersion: 88.0.4324.146, chrome: {chromedriverVersion: 88.0.4324.96 (68dba2d8a0b14..., userDataDir: C:\Users\neenu\AppData\Loca...}, goog:chromeOptions: {debuggerAddress: localhost:65360}, javascriptEnabled: true, networkConnectionEnabled: false, pageLoadStrategy: normal, platform: WINDOWS, platformName: WINDOWS, proxy: Proxy(), setWindowRect: true, strictFileInteractability: false, timeouts: {implicit: 0, pageLoad: 300000, script: 30000}, unhandledPromptBehavior: dismiss and notify, webauthn:extension:largeBlob: true, webauthn:virtualAuthenticators: true}
Session ID: 60db9bf0daa4b1c7e8ef65b702981a06
*** Element info: {Using=xpath, value=//td[contains(text(),&apos;a k&apos;)]}
	at org.openqa.selenium.remote.http.W3CHttpResponseCodec.createException(W3CHttpResponseCodec.java:187)
	at org.openqa.selenium.remote.http.W3CHttpResponseCodec.decode(W3CHttpResponseCodec.java:122)
	at org.openqa.selenium.remote.http.W3CHttpResponseCodec.decode(W3CHttpResponseCodec.java:49)
	at org.openqa.selenium.remote.HttpCommandExecutor.execute(HttpCommandExecutor.java:158)
	at org.openqa.selenium.remote.service.DriverCommandExecutor.execute(DriverCommandExecutor.java:83)
	at org.openqa.selenium.remote.RemoteWebDriver.execute(RemoteWebDriver.java:552)
	at org.openqa.selenium.remote.RemoteWebDriver.findElement(RemoteWebDriver.java:323)
	at org.openqa.selenium.remote.RemoteWebDriver.findElementByXPath(RemoteWebDriver.java:428)
	at org.openqa.selenium.By$ByXPath.findElement(By.java:353)
	at org.openqa.selenium.remote.RemoteWebDriver.findElement(RemoteWebDriver.java:315)
	at com.crm.qa.pages.ContactsPage.selectContactsName(ContactsPage.java:27)
	at com.crm.qa.testcases.ContactsPageTest.singleContactsNameTest(ContactsPageTest.java:42)
	at java.util.ArrayList.forEach(ArrayList.java:1259)
... Removed 36 stack frames</div></td></tr></table><p class="totop"><a href="#summary">back to summary</a></p>
<h3 id="m3">com.crm.qa.testcases.LoginPageTest#tearDown</h3><table class="result"><tr><th class="invisible"/></tr></table><p class="totop"><a href="#summary">back to summary</a></p>
<h3 id="m4">com.crm.qa.testcases.LoginPageTest#clickOnSignUpPageLinkTest</h3><table class="result"><tr><th>Exception</th></tr><tr><td><div class="stacktrace">org.openqa.selenium.SessionNotCreatedException: session not created
from tab crashed
  (Session info: headless chrome=88.0.4324.146)
Build info: version: &apos;3.141.59&apos;, revision: &apos;e82be7d358&apos;, time: &apos;2018-11-14T08:17:03&apos;
System info: host: &apos;DELL5250&apos;, ip: &apos;192.168.2.14&apos;, os.name: &apos;Windows 10&apos;, os.arch: &apos;amd64&apos;, os.version: &apos;10.0&apos;, java.version: &apos;1.8.0_281&apos;
Driver info: driver.version: ChromeDriver
remote stacktrace: Backtrace:
	GetHandleVerifier [0x0037B963+483]
	GetHandleVerifier [0x0037B941+449]
	GetHandleVerifier [0x007231B0+3832368]
	GetHandleVerifier [0x00718250+3787472]
	GetHandleVerifier [0x00718028+3786920]
	GetHandleVerifier [0x007176CD+3784525]
	GetHandleVerifier [0x00716A47+3781319]
	GetHandleVerifier [0x00716E36+3782326]
	GetHandleVerifier [0x00716765+3780581]
	GetHandleVerifier [0x0071FB21+3818401]
	GetHandleVerifier [0x00716721+3780513]
	GetHandleVerifier [0x007174B2+3783986]
	GetHandleVerifier [0x00716A47+3781319]
	GetHandleVerifier [0x00716E36+3782326]
	GetHandleVerifier [0x00716765+3780581]
	GetHandleVerifier [0x0071BD38+3802552]
	GetHandleVerifier [0x0071BD87+3802631]
	GetHandleVerifier [0x00716721+3780513]
	GetHandleVerifier [0x007174B2+3783986]
	GetHandleVerifier [0x00716A47+3781319]
	GetHandleVerifier [0x00716E36+3782326]
	GetHandleVerifier [0x00716765+3780581]
	GetHandleVerifier [0x0071DF9C+3811356]
	GetHandleVerifier [0x00716721+3780513]
	GetHandleVerifier [0x007174B2+3783986]
	GetHandleVerifier [0x00716A47+3781319]
	GetHandleVerifier [0x00716E36+3782326]
	GetHandleVerifier [0x00716765+3780581]
	GetHandleVerifier [0x0071C392+3804178]
	GetHandleVerifier [0x00716721+3780513]
	GetHandleVerifier [0x007174B2+3783986]
	GetHandleVerifier [0x00716A47+3781319]
	GetHandleVerifier [0x00716E36+3782326]
	GetHandleVerifier [0x00716765+3780581]
	GetHandleVerifier [0x0071B655+3800789]
	GetHandleVerifier [0x00716721+3780513]
	GetHandleVerifier [0x007174B2+3783986]
	GetHandleVerifier [0x00716A47+3781319]
	GetHandleVerifier [0x00716E36+3782326]
	GetHandleVerifier [0x00716765+3780581]
	GetHandleVerifier [0x00712F46+3766214]
	GetHandleVerifier [0x00716721+3780513]
	GetHandleVerifier [0x00716543+3780035]
	GetHandleVerifier [0x00716337+3779511]
	GetHandleVerifier [0x00724540+3837376]
	GetHandleVerifier [0x0075F4BC+4078908]
	GetHandleVerifier [0x0075E56C+4074988]
	GetHandleVerifier [0x0075B2EB+4062059]
	GetHandleVerifier [0x0073ED14+3945876]
	GetHandleVerifier [0x0073FBCE+3949646]
	GetHandleVerifier [0x0073FB59+3949529]
	Ordinal0 [0x0033B5CC+46540]
	Ordinal0 [0x00339F53+40787]
	Ordinal0 [0x00339B12+39698]
	GetHandleVerifier [0x00641468+2907368]
	GetHandleVerifier [0x004871EE+1096302]
	GetHandleVerifier [0x00443E8D+821005]
	GetHandleVerifier [0x0044396B+819691]
	GetHandleVerifier [0x00443881+819457]
	GetHandleVerifier [0x0046F463+998627]
	BaseThreadInitThunk [0x76A7FA29+25]
	RtlGetAppContainerNamedObjectPath [0x77A375F4+228]
	RtlGetAppContainerNamedObjectPath [0x77A375C4+180]

	at org.openqa.selenium.remote.W3CHandshakeResponse.lambda$errorHandler$0(W3CHandshakeResponse.java:62)
	at org.openqa.selenium.remote.HandshakeResponse.lambda$getResponseFunction$0(HandshakeResponse.java:30)
	at org.openqa.selenium.remote.ProtocolHandshake.lambda$createSession$0(ProtocolHandshake.java:126)
	at java.util.stream.ReferencePipeline$3$1.accept(ReferencePipeline.java:193)
	at java.util.Spliterators$ArraySpliterator.tryAdvance(Spliterators.java:958)
	at java.util.stream.ReferencePipeline.forEachWithCancel(ReferencePipeline.java:126)
	at java.util.stream.AbstractPipeline.copyIntoWithCancel(AbstractPipeline.java:499)
	at java.util.stream.AbstractPipeline.copyInto(AbstractPipeline.java:486)
	at java.util.stream.AbstractPipeline.wrapAndCopyInto(AbstractPipeline.java:472)
	at java.util.stream.FindOps$FindOp.evaluateSequential(FindOps.java:152)
	at java.util.stream.AbstractPipeline.evaluate(AbstractPipeline.java:234)
	at java.util.stream.ReferencePipeline.findFirst(ReferencePipeline.java:464)
	at org.openqa.selenium.remote.ProtocolHandshake.createSession(ProtocolHandshake.java:128)
	at org.openqa.selenium.remote.ProtocolHandshake.createSession(ProtocolHandshake.java:74)
	at org.openqa.selenium.remote.HttpCommandExecutor.execute(HttpCommandExecutor.java:136)
	at org.openqa.selenium.remote.service.DriverCommandExecutor.execute(DriverCommandExecutor.java:83)
	at org.openqa.selenium.remote.RemoteWebDriver.execute(RemoteWebDriver.java:552)
	at org.openqa.selenium.remote.RemoteWebDriver.startSession(RemoteWebDriver.java:213)
	at org.openqa.selenium.remote.RemoteWebDriver.&lt;init&gt;(RemoteWebDriver.java:131)
	at org.openqa.selenium.chrome.ChromeDriver.&lt;init&gt;(ChromeDriver.java:181)
	at org.openqa.selenium.chrome.ChromeDriver.&lt;init&gt;(ChromeDriver.java:168)
	at org.openqa.selenium.chrome.ChromeDriver.&lt;init&gt;(ChromeDriver.java:157)
	at com.crm.qa.base.TestBase.initialization(TestBase.java:40)
	at com.crm.qa.testcases.LoginPageTest.setUp(LoginPageTest.java:29)
	at java.util.ArrayList.forEach(ArrayList.java:1259)
... Removed 40 stack frames</div></td></tr></table><p class="totop"><a href="#summary">back to summary</a></p>
<h3 id="m5">com.crm.qa.testcases.ContactsPageTest#contactsLabelTest</h3><table class="result"><tr><th class="invisible"/></tr></table><p class="totop"><a href="#summary">back to summary</a></p>
<h3 id="m6">com.crm.qa.testcases.HomePageTest#displayNameTest</h3><table class="result"><tr><th class="invisible"/></tr></table><p class="totop"><a href="#summary">back to summary</a></p>
<h3 id="m7">com.crm.qa.testcases.HomePageTest#homePageTitleTest</h3><table class="result"><tr><th class="invisible"/></tr></table><p class="totop"><a href="#summary">back to summary</a></p>
<h3 id="m8">com.crm.qa.testcases.HomePageTest#verifyContactsPageLink</h3><table class="result"><tr><th class="invisible"/></tr></table><p class="totop"><a href="#summary">back to summary</a></p>
<h3 id="m9">com.crm.qa.testcases.LoginPageTest#loginPageTitleTest</h3><table class="result"><tr><th class="invisible"/></tr></table><p class="totop"><a href="#summary">back to summary</a></p>
<h3 id="m10">com.crm.qa.testcases.LoginPageTest#loginTest</h3><table class="result"><tr><th class="invisible"/></tr></table><p class="totop"><a href="#summary">back to summary</a></p>
<h3 id="m11">com.crm.qa.testcases.NewContactsPageTest#newContactCreationTest</h3><table class="result"><tr class="param"><th>Parameter #1</th><th>Parameter #2</th><th>Parameter #3</th></tr><tr class="param stripe"><td>Neenu</td><td>Samuel </td><td>Google</td></tr></table><p class="totop"><a href="#summary">back to summary</a></p>
<h3 id="m12">com.crm.qa.testcases.NewContactsPageTest#newContactCreationTest</h3><table class="result"><tr class="param"><th>Parameter #1</th><th>Parameter #2</th><th>Parameter #3</th></tr><tr class="param stripe"><td>AK</td><td>Pillai</td><td>Facebook</td></tr></table><p class="totop"><a href="#summary">back to summary</a></p>
<h3 id="m13">com.crm.qa.testcases.NewContactsPageTest#newContactCreationTest</h3><table class="result"><tr class="param"><th>Parameter #1</th><th>Parameter #2</th><th>Parameter #3</th></tr><tr class="param stripe"><td>Nisha</td><td>Shiju</td><td>MHM</td></tr></table><p class="totop"><a href="#summary">back to summary</a></p>
<h3 id="m14">com.crm.qa.testcases.NewContactsPageTest#newContactCreationTest</h3><table class="result"><tr class="param"><th>Parameter #1</th><th>Parameter #2</th><th>Parameter #3</th></tr><tr class="param stripe"><td>Roja</td><td>Abraham</td><td>Apollo</td></tr></table><p class="totop"><a href="#summary">back to summary</a></p>
<h3 id="m15">com.crm.qa.testcases.NewContactsPageTest#newContactCreationTest</h3><table class="result"><tr class="param"><th>Parameter #1</th><th>Parameter #2</th><th>Parameter #3</th></tr><tr class="param stripe"><td>Feba</td><td>Benny</td><td>Reliance</td></tr></table><p class="totop"><a href="#summary">back to summary</a></p>
</body>
</html>
