<?xml version="1.0" encoding="UTF-8"?>
<testng-results skipped="1" failed="2" ignored="0" total="14" passed="11">
  <reporter-output>
  </reporter-output>
  <suite name="Surefire suite" duration-ms="232017" started-at="2021-02-09T00:12:56 AST" finished-at="2021-02-09T00:16:48 AST">
    <groups>
    </groups>
    <test name="Surefire test" duration-ms="232017" started-at="2021-02-09T00:12:56 AST" finished-at="2021-02-09T00:16:48 AST">
      <class name="com.crm.qa.testcases.HomePageTest">
        <test-method status="PASS" signature="setUp()[pri:0, instance:com.crm.qa.testcases.HomePageTest@6adede5]" name="setUp" is-config="true" duration-ms="12362" started-at="2021-02-09T00:14:13 AST" finished-at="2021-02-09T00:14:26 AST">
          <reporter-output>
          </reporter-output>
        </test-method> <!-- setUp -->
        <test-method status="PASS" signature="homePageTitleTest()[pri:1, instance:com.crm.qa.testcases.HomePageTest@6adede5]" name="homePageTitleTest" duration-ms="372" started-at="2021-02-09T00:14:26 AST" finished-at="2021-02-09T00:14:26 AST">
          <reporter-output>
          </reporter-output>
        </test-method> <!-- homePageTitleTest -->
        <test-method status="PASS" signature="tearDown()[pri:0, instance:com.crm.qa.testcases.HomePageTest@6adede5]" name="tearDown" is-config="true" duration-ms="1534" started-at="2021-02-09T00:14:26 AST" finished-at="2021-02-09T00:14:28 AST">
          <reporter-output>
          </reporter-output>
        </test-method> <!-- tearDown -->
        <test-method status="PASS" signature="setUp()[pri:0, instance:com.crm.qa.testcases.HomePageTest@6adede5]" name="setUp" is-config="true" duration-ms="10699" started-at="2021-02-09T00:14:28 AST" finished-at="2021-02-09T00:14:38 AST">
          <reporter-output>
          </reporter-output>
        </test-method> <!-- setUp -->
        <test-method status="PASS" signature="displayNameTest()[pri:2, instance:com.crm.qa.testcases.HomePageTest@6adede5]" name="displayNameTest" duration-ms="1550" started-at="2021-02-09T00:14:38 AST" finished-at="2021-02-09T00:14:40 AST">
          <reporter-output>
          </reporter-output>
        </test-method> <!-- displayNameTest -->
        <test-method status="PASS" signature="tearDown()[pri:0, instance:com.crm.qa.testcases.HomePageTest@6adede5]" name="tearDown" is-config="true" duration-ms="830" started-at="2021-02-09T00:14:40 AST" finished-at="2021-02-09T00:14:41 AST">
          <reporter-output>
          </reporter-output>
        </test-method> <!-- tearDown -->
        <test-method status="PASS" signature="setUp()[pri:0, instance:com.crm.qa.testcases.HomePageTest@6adede5]" name="setUp" is-config="true" duration-ms="8522" started-at="2021-02-09T00:14:41 AST" finished-at="2021-02-09T00:14:49 AST">
          <reporter-output>
          </reporter-output>
        </test-method> <!-- setUp -->
        <test-method status="PASS" signature="verifyContactsPageLink()[pri:3, instance:com.crm.qa.testcases.HomePageTest@6adede5]" name="verifyContactsPageLink" duration-ms="1375" started-at="2021-02-09T00:14:49 AST" finished-at="2021-02-09T00:14:51 AST">
          <reporter-output>
          </reporter-output>
        </test-method> <!-- verifyContactsPageLink -->
        <test-method status="PASS" signature="tearDown()[pri:0, instance:com.crm.qa.testcases.HomePageTest@6adede5]" name="tearDown" is-config="true" duration-ms="827" started-at="2021-02-09T00:14:51 AST" finished-at="2021-02-09T00:14:51 AST">
          <reporter-output>
          </reporter-output>
        </test-method> <!-- tearDown -->
      </class> <!-- com.crm.qa.testcases.HomePageTest -->
      <class name="com.crm.qa.testcases.ContactsPageTest">
        <test-method status="PASS" signature="setUp()[pri:0, instance:com.crm.qa.testcases.ContactsPageTest@5649fd9b]" name="setUp" is-config="true" duration-ms="12490" started-at="2021-02-09T00:12:56 AST" finished-at="2021-02-09T00:13:08 AST">
          <reporter-output>
          </reporter-output>
        </test-method> <!-- setUp -->
        <test-method status="PASS" signature="contactsLabelTest()[pri:1, instance:com.crm.qa.testcases.ContactsPageTest@5649fd9b]" name="contactsLabelTest" duration-ms="1327" started-at="2021-02-09T00:13:08 AST" finished-at="2021-02-09T00:13:10 AST">
          <reporter-output>
          </reporter-output>
        </test-method> <!-- contactsLabelTest -->
        <test-method status="PASS" signature="tearDown()[pri:0, instance:com.crm.qa.testcases.ContactsPageTest@5649fd9b]" name="tearDown" is-config="true" duration-ms="837" started-at="2021-02-09T00:13:10 AST" finished-at="2021-02-09T00:13:11 AST">
          <reporter-output>
          </reporter-output>
        </test-method> <!-- tearDown -->
        <test-method status="PASS" signature="setUp()[pri:0, instance:com.crm.qa.testcases.ContactsPageTest@5649fd9b]" name="setUp" is-config="true" duration-ms="9059" started-at="2021-02-09T00:13:11 AST" finished-at="2021-02-09T00:13:20 AST">
          <reporter-output>
          </reporter-output>
        </test-method> <!-- setUp -->
        <test-method status="FAIL" signature="singleContactsNameTest()[pri:2, instance:com.crm.qa.testcases.ContactsPageTest@5649fd9b]" name="singleContactsNameTest" duration-ms="21212" started-at="2021-02-09T00:13:20 AST" finished-at="2021-02-09T00:13:41 AST">
          <exception class="org.openqa.selenium.NoSuchElementException">
            <message>
              <![CDATA[no such element: Unable to locate element: {"method":"xpath","selector":"//td[contains(text(),'a k')]"}
  (Session info: headless chrome=88.0.4324.146)
For documentation on this error, please visit: https://www.seleniumhq.org/exceptions/no_such_element.html
Build info: version: '3.141.59', revision: 'e82be7d358', time: '2018-11-14T08:17:03'
System info: host: 'DELL5250', ip: '192.168.2.14', os.name: 'Windows 10', os.arch: 'amd64', os.version: '10.0', java.version: '1.8.0_281'
Driver info: org.openqa.selenium.chrome.ChromeDriver
Capabilities {acceptInsecureCerts: false, browserName: chrome, browserVersion: 88.0.4324.146, chrome: {chromedriverVersion: 88.0.4324.96 (68dba2d8a0b14..., userDataDir: C:\Users\neenu\AppData\Loca...}, goog:chromeOptions: {debuggerAddress: localhost:65360}, javascriptEnabled: true, networkConnectionEnabled: false, pageLoadStrategy: normal, platform: WINDOWS, platformName: WINDOWS, proxy: Proxy(), setWindowRect: true, strictFileInteractability: false, timeouts: {implicit: 0, pageLoad: 300000, script: 30000}, unhandledPromptBehavior: dismiss and notify, webauthn:extension:largeBlob: true, webauthn:virtualAuthenticators: true}
Session ID: 60db9bf0daa4b1c7e8ef65b702981a06
*** Element info: {Using=xpath, value=//td[contains(text(),'a k')]}]]>
            </message>
            <full-stacktrace>
              <![CDATA[org.openqa.selenium.NoSuchElementException: no such element: Unable to locate element: {"method":"xpath","selector":"//td[contains(text(),'a k')]"}
  (Session info: headless chrome=88.0.4324.146)
For documentation on this error, please visit: https://www.seleniumhq.org/exceptions/no_such_element.html
Build info: version: '3.141.59', revision: 'e82be7d358', time: '2018-11-14T08:17:03'
System info: host: 'DELL5250', ip: '192.168.2.14', os.name: 'Windows 10', os.arch: 'amd64', os.version: '10.0', java.version: '1.8.0_281'
Driver info: org.openqa.selenium.chrome.ChromeDriver
Capabilities {acceptInsecureCerts: false, browserName: chrome, browserVersion: 88.0.4324.146, chrome: {chromedriverVersion: 88.0.4324.96 (68dba2d8a0b14..., userDataDir: C:\Users\neenu\AppData\Loca...}, goog:chromeOptions: {debuggerAddress: localhost:65360}, javascriptEnabled: true, networkConnectionEnabled: false, pageLoadStrategy: normal, platform: WINDOWS, platformName: WINDOWS, proxy: Proxy(), setWindowRect: true, strictFileInteractability: false, timeouts: {implicit: 0, pageLoad: 300000, script: 30000}, unhandledPromptBehavior: dismiss and notify, webauthn:extension:largeBlob: true, webauthn:virtualAuthenticators: true}
Session ID: 60db9bf0daa4b1c7e8ef65b702981a06
*** Element info: {Using=xpath, value=//td[contains(text(),'a k')]}
at sun.reflect.NativeConstructorAccessorImpl.newInstance0(Native Method)
at sun.reflect.NativeConstructorAccessorImpl.newInstance(NativeConstructorAccessorImpl.java:62)
at sun.reflect.DelegatingConstructorAccessorImpl.newInstance(DelegatingConstructorAccessorImpl.java:45)
at java.lang.reflect.Constructor.newInstance(Constructor.java:423)
at org.openqa.selenium.remote.http.W3CHttpResponseCodec.createException(W3CHttpResponseCodec.java:187)
at org.openqa.selenium.remote.http.W3CHttpResponseCodec.decode(W3CHttpResponseCodec.java:122)
at org.openqa.selenium.remote.http.W3CHttpResponseCodec.decode(W3CHttpResponseCodec.java:49)
at org.openqa.selenium.remote.HttpCommandExecutor.execute(HttpCommandExecutor.java:158)
at org.openqa.selenium.remote.service.DriverCommandExecutor.execute(DriverCommandExecutor.java:83)
at org.openqa.selenium.remote.RemoteWebDriver.execute(RemoteWebDriver.java:552)
at org.openqa.selenium.remote.RemoteWebDriver.findElement(RemoteWebDriver.java:323)
at org.openqa.selenium.remote.RemoteWebDriver.findElementByXPath(RemoteWebDriver.java:428)
at org.openqa.selenium.By$ByXPath.findElement(By.java:353)
at org.openqa.selenium.remote.RemoteWebDriver.findElement(RemoteWebDriver.java:315)
at com.crm.qa.pages.ContactsPage.selectContactsName(ContactsPage.java:27)
at com.crm.qa.testcases.ContactsPageTest.singleContactsNameTest(ContactsPageTest.java:42)
at sun.reflect.NativeMethodAccessorImpl.invoke0(Native Method)
at sun.reflect.NativeMethodAccessorImpl.invoke(NativeMethodAccessorImpl.java:62)
at sun.reflect.DelegatingMethodAccessorImpl.invoke(DelegatingMethodAccessorImpl.java:43)
at java.lang.reflect.Method.invoke(Method.java:498)
at org.testng.internal.MethodInvocationHelper.invokeMethod(MethodInvocationHelper.java:134)
at org.testng.internal.TestInvoker.invokeMethod(TestInvoker.java:597)
at org.testng.internal.TestInvoker.invokeTestMethod(TestInvoker.java:173)
at org.testng.internal.MethodRunner.runInSequence(MethodRunner.java:46)
at org.testng.internal.TestInvoker$MethodInvocationAgent.invoke(TestInvoker.java:816)
at org.testng.internal.TestInvoker.invokeTestMethods(TestInvoker.java:146)
at org.testng.internal.TestMethodWorker.invokeTestMethods(TestMethodWorker.java:146)
at org.testng.internal.TestMethodWorker.run(TestMethodWorker.java:128)
at java.util.ArrayList.forEach(ArrayList.java:1259)
at org.testng.TestRunner.privateRun(TestRunner.java:766)
at org.testng.TestRunner.run(TestRunner.java:587)
at org.testng.SuiteRunner.runTest(SuiteRunner.java:384)
at org.testng.SuiteRunner.runSequentially(SuiteRunner.java:378)
at org.testng.SuiteRunner.privateRun(SuiteRunner.java:337)
at org.testng.SuiteRunner.run(SuiteRunner.java:286)
at org.testng.SuiteRunnerWorker.runSuite(SuiteRunnerWorker.java:53)
at org.testng.SuiteRunnerWorker.run(SuiteRunnerWorker.java:96)
at org.testng.TestNG.runSuitesSequentially(TestNG.java:1187)
at org.testng.TestNG.runSuitesLocally(TestNG.java:1109)
at org.testng.TestNG.runSuites(TestNG.java:1039)
at org.testng.TestNG.run(TestNG.java:1007)
at org.apache.maven.surefire.testng.TestNGExecutor.run(TestNGExecutor.java:135)
at org.apache.maven.surefire.testng.TestNGDirectoryTestSuite.executeMulti(TestNGDirectoryTestSuite.java:193)
at org.apache.maven.surefire.testng.TestNGDirectoryTestSuite.execute(TestNGDirectoryTestSuite.java:94)
at org.apache.maven.surefire.testng.TestNGProvider.invoke(TestNGProvider.java:146)
at org.apache.maven.surefire.booter.ForkedBooter.invokeProviderInSameClassLoader(ForkedBooter.java:384)
at org.apache.maven.surefire.booter.ForkedBooter.runSuitesInProcess(ForkedBooter.java:345)
at org.apache.maven.surefire.booter.ForkedBooter.execute(ForkedBooter.java:126)
at org.apache.maven.surefire.booter.ForkedBooter.main(ForkedBooter.java:418)
]]>
            </full-stacktrace>
          </exception> <!-- org.openqa.selenium.NoSuchElementException -->
          <reporter-output>
          </reporter-output>
        </test-method> <!-- singleContactsNameTest -->
        <test-method status="PASS" signature="tearDown()[pri:0, instance:com.crm.qa.testcases.ContactsPageTest@5649fd9b]" name="tearDown" is-config="true" duration-ms="832" started-at="2021-02-09T00:13:41 AST" finished-at="2021-02-09T00:13:42 AST">
          <reporter-output>
          </reporter-output>
        </test-method> <!-- tearDown -->
        <test-method status="PASS" signature="setUp()[pri:0, instance:com.crm.qa.testcases.ContactsPageTest@5649fd9b]" name="setUp" is-config="true" duration-ms="9258" started-at="2021-02-09T00:13:42 AST" finished-at="2021-02-09T00:13:51 AST">
          <reporter-output>
          </reporter-output>
        </test-method> <!-- setUp -->
        <test-method status="FAIL" signature="multipleContactsNameTest()[pri:3, instance:com.crm.qa.testcases.ContactsPageTest@5649fd9b]" name="multipleContactsNameTest" duration-ms="21441" started-at="2021-02-09T00:13:51 AST" finished-at="2021-02-09T00:14:12 AST">
          <exception class="org.openqa.selenium.NoSuchElementException">
            <message>
              <![CDATA[no such element: Unable to locate element: {"method":"xpath","selector":"//td[contains(text(),'neenu samuel')]"}
  (Session info: headless chrome=88.0.4324.146)
For documentation on this error, please visit: https://www.seleniumhq.org/exceptions/no_such_element.html
Build info: version: '3.141.59', revision: 'e82be7d358', time: '2018-11-14T08:17:03'
System info: host: 'DELL5250', ip: '192.168.2.14', os.name: 'Windows 10', os.arch: 'amd64', os.version: '10.0', java.version: '1.8.0_281'
Driver info: org.openqa.selenium.chrome.ChromeDriver
Capabilities {acceptInsecureCerts: false, browserName: chrome, browserVersion: 88.0.4324.146, chrome: {chromedriverVersion: 88.0.4324.96 (68dba2d8a0b14..., userDataDir: C:\Users\neenu\AppData\Loca...}, goog:chromeOptions: {debuggerAddress: localhost:65409}, javascriptEnabled: true, networkConnectionEnabled: false, pageLoadStrategy: normal, platform: WINDOWS, platformName: WINDOWS, proxy: Proxy(), setWindowRect: true, strictFileInteractability: false, timeouts: {implicit: 0, pageLoad: 300000, script: 30000}, unhandledPromptBehavior: dismiss and notify, webauthn:extension:largeBlob: true, webauthn:virtualAuthenticators: true}
Session ID: fdd5f60a0ecb799e5605c7bc648de478
*** Element info: {Using=xpath, value=//td[contains(text(),'neenu samuel')]}]]>
            </message>
            <full-stacktrace>
              <![CDATA[org.openqa.selenium.NoSuchElementException: no such element: Unable to locate element: {"method":"xpath","selector":"//td[contains(text(),'neenu samuel')]"}
  (Session info: headless chrome=88.0.4324.146)
For documentation on this error, please visit: https://www.seleniumhq.org/exceptions/no_such_element.html
Build info: version: '3.141.59', revision: 'e82be7d358', time: '2018-11-14T08:17:03'
System info: host: 'DELL5250', ip: '192.168.2.14', os.name: 'Windows 10', os.arch: 'amd64', os.version: '10.0', java.version: '1.8.0_281'
Driver info: org.openqa.selenium.chrome.ChromeDriver
Capabilities {acceptInsecureCerts: false, browserName: chrome, browserVersion: 88.0.4324.146, chrome: {chromedriverVersion: 88.0.4324.96 (68dba2d8a0b14..., userDataDir: C:\Users\neenu\AppData\Loca...}, goog:chromeOptions: {debuggerAddress: localhost:65409}, javascriptEnabled: true, networkConnectionEnabled: false, pageLoadStrategy: normal, platform: WINDOWS, platformName: WINDOWS, proxy: Proxy(), setWindowRect: true, strictFileInteractability: false, timeouts: {implicit: 0, pageLoad: 300000, script: 30000}, unhandledPromptBehavior: dismiss and notify, webauthn:extension:largeBlob: true, webauthn:virtualAuthenticators: true}
Session ID: fdd5f60a0ecb799e5605c7bc648de478
*** Element info: {Using=xpath, value=//td[contains(text(),'neenu samuel')]}
at sun.reflect.NativeConstructorAccessorImpl.newInstance0(Native Method)
at sun.reflect.NativeConstructorAccessorImpl.newInstance(NativeConstructorAccessorImpl.java:62)
at sun.reflect.DelegatingConstructorAccessorImpl.newInstance(DelegatingConstructorAccessorImpl.java:45)
at java.lang.reflect.Constructor.newInstance(Constructor.java:423)
at org.openqa.selenium.remote.http.W3CHttpResponseCodec.createException(W3CHttpResponseCodec.java:187)
at org.openqa.selenium.remote.http.W3CHttpResponseCodec.decode(W3CHttpResponseCodec.java:122)
at org.openqa.selenium.remote.http.W3CHttpResponseCodec.decode(W3CHttpResponseCodec.java:49)
at org.openqa.selenium.remote.HttpCommandExecutor.execute(HttpCommandExecutor.java:158)
at org.openqa.selenium.remote.service.DriverCommandExecutor.execute(DriverCommandExecutor.java:83)
at org.openqa.selenium.remote.RemoteWebDriver.execute(RemoteWebDriver.java:552)
at org.openqa.selenium.remote.RemoteWebDriver.findElement(RemoteWebDriver.java:323)
at org.openqa.selenium.remote.RemoteWebDriver.findElementByXPath(RemoteWebDriver.java:428)
at org.openqa.selenium.By$ByXPath.findElement(By.java:353)
at org.openqa.selenium.remote.RemoteWebDriver.findElement(RemoteWebDriver.java:315)
at com.crm.qa.pages.ContactsPage.selectContactsName(ContactsPage.java:27)
at com.crm.qa.testcases.ContactsPageTest.multipleContactsNameTest(ContactsPageTest.java:49)
at sun.reflect.NativeMethodAccessorImpl.invoke0(Native Method)
at sun.reflect.NativeMethodAccessorImpl.invoke(NativeMethodAccessorImpl.java:62)
at sun.reflect.DelegatingMethodAccessorImpl.invoke(DelegatingMethodAccessorImpl.java:43)
at java.lang.reflect.Method.invoke(Method.java:498)
at org.testng.internal.MethodInvocationHelper.invokeMethod(MethodInvocationHelper.java:134)
at org.testng.internal.TestInvoker.invokeMethod(TestInvoker.java:597)
at org.testng.internal.TestInvoker.invokeTestMethod(TestInvoker.java:173)
at org.testng.internal.MethodRunner.runInSequence(MethodRunner.java:46)
at org.testng.internal.TestInvoker$MethodInvocationAgent.invoke(TestInvoker.java:816)
at org.testng.internal.TestInvoker.invokeTestMethods(TestInvoker.java:146)
at org.testng.internal.TestMethodWorker.invokeTestMethods(TestMethodWorker.java:146)
at org.testng.internal.TestMethodWorker.run(TestMethodWorker.java:128)
at java.util.ArrayList.forEach(ArrayList.java:1259)
at org.testng.TestRunner.privateRun(TestRunner.java:766)
at org.testng.TestRunner.run(TestRunner.java:587)
at org.testng.SuiteRunner.runTest(SuiteRunner.java:384)
at org.testng.SuiteRunner.runSequentially(SuiteRunner.java:378)
at org.testng.SuiteRunner.privateRun(SuiteRunner.java:337)
at org.testng.SuiteRunner.run(SuiteRunner.java:286)
at org.testng.SuiteRunnerWorker.runSuite(SuiteRunnerWorker.java:53)
at org.testng.SuiteRunnerWorker.run(SuiteRunnerWorker.java:96)
at org.testng.TestNG.runSuitesSequentially(TestNG.java:1187)
at org.testng.TestNG.runSuitesLocally(TestNG.java:1109)
at org.testng.TestNG.runSuites(TestNG.java:1039)
at org.testng.TestNG.run(TestNG.java:1007)
at org.apache.maven.surefire.testng.TestNGExecutor.run(TestNGExecutor.java:135)
at org.apache.maven.surefire.testng.TestNGDirectoryTestSuite.executeMulti(TestNGDirectoryTestSuite.java:193)
at org.apache.maven.surefire.testng.TestNGDirectoryTestSuite.execute(TestNGDirectoryTestSuite.java:94)
at org.apache.maven.surefire.testng.TestNGProvider.invoke(TestNGProvider.java:146)
at org.apache.maven.surefire.booter.ForkedBooter.invokeProviderInSameClassLoader(ForkedBooter.java:384)
at org.apache.maven.surefire.booter.ForkedBooter.runSuitesInProcess(ForkedBooter.java:345)
at org.apache.maven.surefire.booter.ForkedBooter.execute(ForkedBooter.java:126)
at org.apache.maven.surefire.booter.ForkedBooter.main(ForkedBooter.java:418)
]]>
            </full-stacktrace>
          </exception> <!-- org.openqa.selenium.NoSuchElementException -->
          <reporter-output>
          </reporter-output>
        </test-method> <!-- multipleContactsNameTest -->
        <test-method status="PASS" signature="tearDown()[pri:0, instance:com.crm.qa.testcases.ContactsPageTest@5649fd9b]" name="tearDown" is-config="true" duration-ms="877" started-at="2021-02-09T00:14:12 AST" finished-at="2021-02-09T00:14:13 AST">
          <reporter-output>
          </reporter-output>
        </test-method> <!-- tearDown -->
      </class> <!-- com.crm.qa.testcases.ContactsPageTest -->
      <class name="com.crm.qa.testcases.LoginPageTest">
        <test-method status="PASS" signature="setUp()[pri:0, instance:com.crm.qa.testcases.LoginPageTest@2d928643]" name="setUp" is-config="true" duration-ms="8485" started-at="2021-02-09T00:14:51 AST" finished-at="2021-02-09T00:15:00 AST">
          <reporter-output>
          </reporter-output>
        </test-method> <!-- setUp -->
        <test-method status="PASS" signature="loginPageTitleTest()[pri:1, instance:com.crm.qa.testcases.LoginPageTest@2d928643]" name="loginPageTitleTest" duration-ms="11" started-at="2021-02-09T00:15:00 AST" description="hi" finished-at="2021-02-09T00:15:00 AST">
          <reporter-output>
          </reporter-output>
        </test-method> <!-- loginPageTitleTest -->
        <test-method status="PASS" signature="tearDown()[pri:0, instance:com.crm.qa.testcases.LoginPageTest@2d928643]" name="tearDown" is-config="true" duration-ms="777" started-at="2021-02-09T00:15:00 AST" finished-at="2021-02-09T00:15:01 AST">
          <reporter-output>
          </reporter-output>
        </test-method> <!-- tearDown -->
        <test-method status="PASS" signature="setUp()[pri:0, instance:com.crm.qa.testcases.LoginPageTest@2d928643]" name="setUp" is-config="true" duration-ms="8165" started-at="2021-02-09T00:15:01 AST" finished-at="2021-02-09T00:15:09 AST">
          <reporter-output>
          </reporter-output>
        </test-method> <!-- setUp -->
        <test-method status="PASS" signature="loginTest()[pri:2, instance:com.crm.qa.testcases.LoginPageTest@2d928643]" name="loginTest" duration-ms="612" started-at="2021-02-09T00:15:09 AST" finished-at="2021-02-09T00:15:09 AST">
          <reporter-output>
          </reporter-output>
        </test-method> <!-- loginTest -->
        <test-method status="PASS" signature="tearDown()[pri:0, instance:com.crm.qa.testcases.LoginPageTest@2d928643]" name="tearDown" is-config="true" duration-ms="781" started-at="2021-02-09T00:15:09 AST" finished-at="2021-02-09T00:15:10 AST">
          <reporter-output>
          </reporter-output>
        </test-method> <!-- tearDown -->
        <test-method status="FAIL" signature="setUp()[pri:0, instance:com.crm.qa.testcases.LoginPageTest@2d928643]" name="setUp" is-config="true" duration-ms="3398" started-at="2021-02-09T00:15:10 AST" finished-at="2021-02-09T00:15:14 AST">
          <exception class="org.openqa.selenium.SessionNotCreatedException">
            <message>
              <![CDATA[session not created
from tab crashed
  (Session info: headless chrome=88.0.4324.146)
Build info: version: '3.141.59', revision: 'e82be7d358', time: '2018-11-14T08:17:03'
System info: host: 'DELL5250', ip: '192.168.2.14', os.name: 'Windows 10', os.arch: 'amd64', os.version: '10.0', java.version: '1.8.0_281'
Driver info: driver.version: ChromeDriver
remote stacktrace: Backtrace:
GetHandleVerifier [0x0037B963+483]
GetHandleVerifier [0x0037B941+449]
GetHandleVerifier [0x007231B0+3832368]
GetHandleVerifier [0x00718250+3787472]
GetHandleVerifier [0x00718028+3786920]
GetHandleVerifier [0x007176CD+3784525]
GetHandleVerifier [0x00716A47+3781319]
GetHandleVerifier [0x00716E36+3782326]
GetHandleVerifier [0x00716765+3780581]
GetHandleVerifier [0x0071FB21+3818401]
GetHandleVerifier [0x00716721+3780513]
GetHandleVerifier [0x007174B2+3783986]
GetHandleVerifier [0x00716A47+3781319]
GetHandleVerifier [0x00716E36+3782326]
GetHandleVerifier [0x00716765+3780581]
GetHandleVerifier [0x0071BD38+3802552]
GetHandleVerifier [0x0071BD87+3802631]
GetHandleVerifier [0x00716721+3780513]
GetHandleVerifier [0x007174B2+3783986]
GetHandleVerifier [0x00716A47+3781319]
GetHandleVerifier [0x00716E36+3782326]
GetHandleVerifier [0x00716765+3780581]
GetHandleVerifier [0x0071DF9C+3811356]
GetHandleVerifier [0x00716721+3780513]
GetHandleVerifier [0x007174B2+3783986]
GetHandleVerifier [0x00716A47+3781319]
GetHandleVerifier [0x00716E36+3782326]
GetHandleVerifier [0x00716765+3780581]
GetHandleVerifier [0x0071C392+3804178]
GetHandleVerifier [0x00716721+3780513]
GetHandleVerifier [0x007174B2+3783986]
GetHandleVerifier [0x00716A47+3781319]
GetHandleVerifier [0x00716E36+3782326]
GetHandleVerifier [0x00716765+3780581]
GetHandleVerifier [0x0071B655+3800789]
GetHandleVerifier [0x00716721+3780513]
GetHandleVerifier [0x007174B2+3783986]
GetHandleVerifier [0x00716A47+3781319]
GetHandleVerifier [0x00716E36+3782326]
GetHandleVerifier [0x00716765+3780581]
GetHandleVerifier [0x00712F46+3766214]
GetHandleVerifier [0x00716721+3780513]
GetHandleVerifier [0x00716543+3780035]
GetHandleVerifier [0x00716337+3779511]
GetHandleVerifier [0x00724540+3837376]
GetHandleVerifier [0x0075F4BC+4078908]
GetHandleVerifier [0x0075E56C+4074988]
GetHandleVerifier [0x0075B2EB+4062059]
GetHandleVerifier [0x0073ED14+3945876]
GetHandleVerifier [0x0073FBCE+3949646]
GetHandleVerifier [0x0073FB59+3949529]
Ordinal0 [0x0033B5CC+46540]
Ordinal0 [0x00339F53+40787]
Ordinal0 [0x00339B12+39698]
GetHandleVerifier [0x00641468+2907368]
GetHandleVerifier [0x004871EE+1096302]
GetHandleVerifier [0x00443E8D+821005]
GetHandleVerifier [0x0044396B+819691]
GetHandleVerifier [0x00443881+819457]
GetHandleVerifier [0x0046F463+998627]
BaseThreadInitThunk [0x76A7FA29+25]
RtlGetAppContainerNamedObjectPath [0x77A375F4+228]
RtlGetAppContainerNamedObjectPath [0x77A375C4+180]
]]>
            </message>
            <full-stacktrace>
              <![CDATA[org.openqa.selenium.SessionNotCreatedException: session not created
from tab crashed
  (Session info: headless chrome=88.0.4324.146)
Build info: version: '3.141.59', revision: 'e82be7d358', time: '2018-11-14T08:17:03'
System info: host: 'DELL5250', ip: '192.168.2.14', os.name: 'Windows 10', os.arch: 'amd64', os.version: '10.0', java.version: '1.8.0_281'
Driver info: driver.version: ChromeDriver
remote stacktrace: Backtrace:
GetHandleVerifier [0x0037B963+483]
GetHandleVerifier [0x0037B941+449]
GetHandleVerifier [0x007231B0+3832368]
GetHandleVerifier [0x00718250+3787472]
GetHandleVerifier [0x00718028+3786920]
GetHandleVerifier [0x007176CD+3784525]
GetHandleVerifier [0x00716A47+3781319]
GetHandleVerifier [0x00716E36+3782326]
GetHandleVerifier [0x00716765+3780581]
GetHandleVerifier [0x0071FB21+3818401]
GetHandleVerifier [0x00716721+3780513]
GetHandleVerifier [0x007174B2+3783986]
GetHandleVerifier [0x00716A47+3781319]
GetHandleVerifier [0x00716E36+3782326]
GetHandleVerifier [0x00716765+3780581]
GetHandleVerifier [0x0071BD38+3802552]
GetHandleVerifier [0x0071BD87+3802631]
GetHandleVerifier [0x00716721+3780513]
GetHandleVerifier [0x007174B2+3783986]
GetHandleVerifier [0x00716A47+3781319]
GetHandleVerifier [0x00716E36+3782326]
GetHandleVerifier [0x00716765+3780581]
GetHandleVerifier [0x0071DF9C+3811356]
GetHandleVerifier [0x00716721+3780513]
GetHandleVerifier [0x007174B2+3783986]
GetHandleVerifier [0x00716A47+3781319]
GetHandleVerifier [0x00716E36+3782326]
GetHandleVerifier [0x00716765+3780581]
GetHandleVerifier [0x0071C392+3804178]
GetHandleVerifier [0x00716721+3780513]
GetHandleVerifier [0x007174B2+3783986]
GetHandleVerifier [0x00716A47+3781319]
GetHandleVerifier [0x00716E36+3782326]
GetHandleVerifier [0x00716765+3780581]
GetHandleVerifier [0x0071B655+3800789]
GetHandleVerifier [0x00716721+3780513]
GetHandleVerifier [0x007174B2+3783986]
GetHandleVerifier [0x00716A47+3781319]
GetHandleVerifier [0x00716E36+3782326]
GetHandleVerifier [0x00716765+3780581]
GetHandleVerifier [0x00712F46+3766214]
GetHandleVerifier [0x00716721+3780513]
GetHandleVerifier [0x00716543+3780035]
GetHandleVerifier [0x00716337+3779511]
GetHandleVerifier [0x00724540+3837376]
GetHandleVerifier [0x0075F4BC+4078908]
GetHandleVerifier [0x0075E56C+4074988]
GetHandleVerifier [0x0075B2EB+4062059]
GetHandleVerifier [0x0073ED14+3945876]
GetHandleVerifier [0x0073FBCE+3949646]
GetHandleVerifier [0x0073FB59+3949529]
Ordinal0 [0x0033B5CC+46540]
Ordinal0 [0x00339F53+40787]
Ordinal0 [0x00339B12+39698]
GetHandleVerifier [0x00641468+2907368]
GetHandleVerifier [0x004871EE+1096302]
GetHandleVerifier [0x00443E8D+821005]
GetHandleVerifier [0x0044396B+819691]
GetHandleVerifier [0x00443881+819457]
GetHandleVerifier [0x0046F463+998627]
BaseThreadInitThunk [0x76A7FA29+25]
RtlGetAppContainerNamedObjectPath [0x77A375F4+228]
RtlGetAppContainerNamedObjectPath [0x77A375C4+180]

at sun.reflect.NativeConstructorAccessorImpl.newInstance0(Native Method)
at sun.reflect.NativeConstructorAccessorImpl.newInstance(NativeConstructorAccessorImpl.java:62)
at sun.reflect.DelegatingConstructorAccessorImpl.newInstance(DelegatingConstructorAccessorImpl.java:45)
at java.lang.reflect.Constructor.newInstance(Constructor.java:423)
at org.openqa.selenium.remote.W3CHandshakeResponse.lambda$errorHandler$0(W3CHandshakeResponse.java:62)
at org.openqa.selenium.remote.HandshakeResponse.lambda$getResponseFunction$0(HandshakeResponse.java:30)
at org.openqa.selenium.remote.ProtocolHandshake.lambda$createSession$0(ProtocolHandshake.java:126)
at java.util.stream.ReferencePipeline$3$1.accept(ReferencePipeline.java:193)
at java.util.Spliterators$ArraySpliterator.tryAdvance(Spliterators.java:958)
at java.util.stream.ReferencePipeline.forEachWithCancel(ReferencePipeline.java:126)
at java.util.stream.AbstractPipeline.copyIntoWithCancel(AbstractPipeline.java:499)
at java.util.stream.AbstractPipeline.copyInto(AbstractPipeline.java:486)
at java.util.stream.AbstractPipeline.wrapAndCopyInto(AbstractPipeline.java:472)
at java.util.stream.FindOps$FindOp.evaluateSequential(FindOps.java:152)
at java.util.stream.AbstractPipeline.evaluate(AbstractPipeline.java:234)
at java.util.stream.ReferencePipeline.findFirst(ReferencePipeline.java:464)
at org.openqa.selenium.remote.ProtocolHandshake.createSession(ProtocolHandshake.java:128)
at org.openqa.selenium.remote.ProtocolHandshake.createSession(ProtocolHandshake.java:74)
at org.openqa.selenium.remote.HttpCommandExecutor.execute(HttpCommandExecutor.java:136)
at org.openqa.selenium.remote.service.DriverCommandExecutor.execute(DriverCommandExecutor.java:83)
at org.openqa.selenium.remote.RemoteWebDriver.execute(RemoteWebDriver.java:552)
at org.openqa.selenium.remote.RemoteWebDriver.startSession(RemoteWebDriver.java:213)
at org.openqa.selenium.remote.RemoteWebDriver.<init>(RemoteWebDriver.java:131)
at org.openqa.selenium.chrome.ChromeDriver.<init>(ChromeDriver.java:181)
at org.openqa.selenium.chrome.ChromeDriver.<init>(ChromeDriver.java:168)
at org.openqa.selenium.chrome.ChromeDriver.<init>(ChromeDriver.java:157)
at com.crm.qa.base.TestBase.initialization(TestBase.java:40)
at com.crm.qa.testcases.LoginPageTest.setUp(LoginPageTest.java:29)
at sun.reflect.NativeMethodAccessorImpl.invoke0(Native Method)
at sun.reflect.NativeMethodAccessorImpl.invoke(NativeMethodAccessorImpl.java:62)
at sun.reflect.DelegatingMethodAccessorImpl.invoke(DelegatingMethodAccessorImpl.java:43)
at java.lang.reflect.Method.invoke(Method.java:498)
at org.testng.internal.MethodInvocationHelper.invokeMethod(MethodInvocationHelper.java:134)
at org.testng.internal.MethodInvocationHelper.invokeMethodConsideringTimeout(MethodInvocationHelper.java:63)
at org.testng.internal.ConfigInvoker.invokeConfigurationMethod(ConfigInvoker.java:348)
at org.testng.internal.ConfigInvoker.invokeConfigurations(ConfigInvoker.java:302)
at org.testng.internal.TestInvoker.runConfigMethods(TestInvoker.java:695)
at org.testng.internal.TestInvoker.invokeMethod(TestInvoker.java:523)
at org.testng.internal.TestInvoker.invokeTestMethod(TestInvoker.java:173)
at org.testng.internal.MethodRunner.runInSequence(MethodRunner.java:46)
at org.testng.internal.TestInvoker$MethodInvocationAgent.invoke(TestInvoker.java:816)
at org.testng.internal.TestInvoker.invokeTestMethods(TestInvoker.java:146)
at org.testng.internal.TestMethodWorker.invokeTestMethods(TestMethodWorker.java:146)
at org.testng.internal.TestMethodWorker.run(TestMethodWorker.java:128)
at java.util.ArrayList.forEach(ArrayList.java:1259)
at org.testng.TestRunner.privateRun(TestRunner.java:766)
at org.testng.TestRunner.run(TestRunner.java:587)
at org.testng.SuiteRunner.runTest(SuiteRunner.java:384)
at org.testng.SuiteRunner.runSequentially(SuiteRunner.java:378)
at org.testng.SuiteRunner.privateRun(SuiteRunner.java:337)
at org.testng.SuiteRunner.run(SuiteRunner.java:286)
at org.testng.SuiteRunnerWorker.runSuite(SuiteRunnerWorker.java:53)
at org.testng.SuiteRunnerWorker.run(SuiteRunnerWorker.java:96)
at org.testng.TestNG.runSuitesSequentially(TestNG.java:1187)
at org.testng.TestNG.runSuitesLocally(TestNG.java:1109)
at org.testng.TestNG.runSuites(TestNG.java:1039)
at org.testng.TestNG.run(TestNG.java:1007)
at org.apache.maven.surefire.testng.TestNGExecutor.run(TestNGExecutor.java:135)
at org.apache.maven.surefire.testng.TestNGDirectoryTestSuite.executeMulti(TestNGDirectoryTestSuite.java:193)
at org.apache.maven.surefire.testng.TestNGDirectoryTestSuite.execute(TestNGDirectoryTestSuite.java:94)
at org.apache.maven.surefire.testng.TestNGProvider.invoke(TestNGProvider.java:146)
at org.apache.maven.surefire.booter.ForkedBooter.invokeProviderInSameClassLoader(ForkedBooter.java:384)
at org.apache.maven.surefire.booter.ForkedBooter.runSuitesInProcess(ForkedBooter.java:345)
at org.apache.maven.surefire.booter.ForkedBooter.execute(ForkedBooter.java:126)
at org.apache.maven.surefire.booter.ForkedBooter.main(ForkedBooter.java:418)
]]>
            </full-stacktrace>
          </exception> <!-- org.openqa.selenium.SessionNotCreatedException -->
          <reporter-output>
          </reporter-output>
        </test-method> <!-- setUp -->
        <test-method status="SKIP" signature="clickOnSignUpPageLinkTest()[pri:3, instance:com.crm.qa.testcases.LoginPageTest@2d928643]" name="clickOnSignUpPageLinkTest" duration-ms="0" started-at="2021-02-09T00:15:14 AST" finished-at="2021-02-09T00:15:14 AST">
          <exception class="org.openqa.selenium.SessionNotCreatedException">
            <message>
              <![CDATA[session not created
from tab crashed
  (Session info: headless chrome=88.0.4324.146)
Build info: version: '3.141.59', revision: 'e82be7d358', time: '2018-11-14T08:17:03'
System info: host: 'DELL5250', ip: '192.168.2.14', os.name: 'Windows 10', os.arch: 'amd64', os.version: '10.0', java.version: '1.8.0_281'
Driver info: driver.version: ChromeDriver
remote stacktrace: Backtrace:
GetHandleVerifier [0x0037B963+483]
GetHandleVerifier [0x0037B941+449]
GetHandleVerifier [0x007231B0+3832368]
GetHandleVerifier [0x00718250+3787472]
GetHandleVerifier [0x00718028+3786920]
GetHandleVerifier [0x007176CD+3784525]
GetHandleVerifier [0x00716A47+3781319]
GetHandleVerifier [0x00716E36+3782326]
GetHandleVerifier [0x00716765+3780581]
GetHandleVerifier [0x0071FB21+3818401]
GetHandleVerifier [0x00716721+3780513]
GetHandleVerifier [0x007174B2+3783986]
GetHandleVerifier [0x00716A47+3781319]
GetHandleVerifier [0x00716E36+3782326]
GetHandleVerifier [0x00716765+3780581]
GetHandleVerifier [0x0071BD38+3802552]
GetHandleVerifier [0x0071BD87+3802631]
GetHandleVerifier [0x00716721+3780513]
GetHandleVerifier [0x007174B2+3783986]
GetHandleVerifier [0x00716A47+3781319]
GetHandleVerifier [0x00716E36+3782326]
GetHandleVerifier [0x00716765+3780581]
GetHandleVerifier [0x0071DF9C+3811356]
GetHandleVerifier [0x00716721+3780513]
GetHandleVerifier [0x007174B2+3783986]
GetHandleVerifier [0x00716A47+3781319]
GetHandleVerifier [0x00716E36+3782326]
GetHandleVerifier [0x00716765+3780581]
GetHandleVerifier [0x0071C392+3804178]
GetHandleVerifier [0x00716721+3780513]
GetHandleVerifier [0x007174B2+3783986]
GetHandleVerifier [0x00716A47+3781319]
GetHandleVerifier [0x00716E36+3782326]
GetHandleVerifier [0x00716765+3780581]
GetHandleVerifier [0x0071B655+3800789]
GetHandleVerifier [0x00716721+3780513]
GetHandleVerifier [0x007174B2+3783986]
GetHandleVerifier [0x00716A47+3781319]
GetHandleVerifier [0x00716E36+3782326]
GetHandleVerifier [0x00716765+3780581]
GetHandleVerifier [0x00712F46+3766214]
GetHandleVerifier [0x00716721+3780513]
GetHandleVerifier [0x00716543+3780035]
GetHandleVerifier [0x00716337+3779511]
GetHandleVerifier [0x00724540+3837376]
GetHandleVerifier [0x0075F4BC+4078908]
GetHandleVerifier [0x0075E56C+4074988]
GetHandleVerifier [0x0075B2EB+4062059]
GetHandleVerifier [0x0073ED14+3945876]
GetHandleVerifier [0x0073FBCE+3949646]
GetHandleVerifier [0x0073FB59+3949529]
Ordinal0 [0x0033B5CC+46540]
Ordinal0 [0x00339F53+40787]
Ordinal0 [0x00339B12+39698]
GetHandleVerifier [0x00641468+2907368]
GetHandleVerifier [0x004871EE+1096302]
GetHandleVerifier [0x00443E8D+821005]
GetHandleVerifier [0x0044396B+819691]
GetHandleVerifier [0x00443881+819457]
GetHandleVerifier [0x0046F463+998627]
BaseThreadInitThunk [0x76A7FA29+25]
RtlGetAppContainerNamedObjectPath [0x77A375F4+228]
RtlGetAppContainerNamedObjectPath [0x77A375C4+180]
]]>
            </message>
            <full-stacktrace>
              <![CDATA[org.openqa.selenium.SessionNotCreatedException: session not created
from tab crashed
  (Session info: headless chrome=88.0.4324.146)
Build info: version: '3.141.59', revision: 'e82be7d358', time: '2018-11-14T08:17:03'
System info: host: 'DELL5250', ip: '192.168.2.14', os.name: 'Windows 10', os.arch: 'amd64', os.version: '10.0', java.version: '1.8.0_281'
Driver info: driver.version: ChromeDriver
remote stacktrace: Backtrace:
GetHandleVerifier [0x0037B963+483]
GetHandleVerifier [0x0037B941+449]
GetHandleVerifier [0x007231B0+3832368]
GetHandleVerifier [0x00718250+3787472]
GetHandleVerifier [0x00718028+3786920]
GetHandleVerifier [0x007176CD+3784525]
GetHandleVerifier [0x00716A47+3781319]
GetHandleVerifier [0x00716E36+3782326]
GetHandleVerifier [0x00716765+3780581]
GetHandleVerifier [0x0071FB21+3818401]
GetHandleVerifier [0x00716721+3780513]
GetHandleVerifier [0x007174B2+3783986]
GetHandleVerifier [0x00716A47+3781319]
GetHandleVerifier [0x00716E36+3782326]
GetHandleVerifier [0x00716765+3780581]
GetHandleVerifier [0x0071BD38+3802552]
GetHandleVerifier [0x0071BD87+3802631]
GetHandleVerifier [0x00716721+3780513]
GetHandleVerifier [0x007174B2+3783986]
GetHandleVerifier [0x00716A47+3781319]
GetHandleVerifier [0x00716E36+3782326]
GetHandleVerifier [0x00716765+3780581]
GetHandleVerifier [0x0071DF9C+3811356]
GetHandleVerifier [0x00716721+3780513]
GetHandleVerifier [0x007174B2+3783986]
GetHandleVerifier [0x00716A47+3781319]
GetHandleVerifier [0x00716E36+3782326]
GetHandleVerifier [0x00716765+3780581]
GetHandleVerifier [0x0071C392+3804178]
GetHandleVerifier [0x00716721+3780513]
GetHandleVerifier [0x007174B2+3783986]
GetHandleVerifier [0x00716A47+3781319]
GetHandleVerifier [0x00716E36+3782326]
GetHandleVerifier [0x00716765+3780581]
GetHandleVerifier [0x0071B655+3800789]
GetHandleVerifier [0x00716721+3780513]
GetHandleVerifier [0x007174B2+3783986]
GetHandleVerifier [0x00716A47+3781319]
GetHandleVerifier [0x00716E36+3782326]
GetHandleVerifier [0x00716765+3780581]
GetHandleVerifier [0x00712F46+3766214]
GetHandleVerifier [0x00716721+3780513]
GetHandleVerifier [0x00716543+3780035]
GetHandleVerifier [0x00716337+3779511]
GetHandleVerifier [0x00724540+3837376]
GetHandleVerifier [0x0075F4BC+4078908]
GetHandleVerifier [0x0075E56C+4074988]
GetHandleVerifier [0x0075B2EB+4062059]
GetHandleVerifier [0x0073ED14+3945876]
GetHandleVerifier [0x0073FBCE+3949646]
GetHandleVerifier [0x0073FB59+3949529]
Ordinal0 [0x0033B5CC+46540]
Ordinal0 [0x00339F53+40787]
Ordinal0 [0x00339B12+39698]
GetHandleVerifier [0x00641468+2907368]
GetHandleVerifier [0x004871EE+1096302]
GetHandleVerifier [0x00443E8D+821005]
GetHandleVerifier [0x0044396B+819691]
GetHandleVerifier [0x00443881+819457]
GetHandleVerifier [0x0046F463+998627]
BaseThreadInitThunk [0x76A7FA29+25]
RtlGetAppContainerNamedObjectPath [0x77A375F4+228]
RtlGetAppContainerNamedObjectPath [0x77A375C4+180]

at sun.reflect.NativeConstructorAccessorImpl.newInstance0(Native Method)
at sun.reflect.NativeConstructorAccessorImpl.newInstance(NativeConstructorAccessorImpl.java:62)
at sun.reflect.DelegatingConstructorAccessorImpl.newInstance(DelegatingConstructorAccessorImpl.java:45)
at java.lang.reflect.Constructor.newInstance(Constructor.java:423)
at org.openqa.selenium.remote.W3CHandshakeResponse.lambda$errorHandler$0(W3CHandshakeResponse.java:62)
at org.openqa.selenium.remote.HandshakeResponse.lambda$getResponseFunction$0(HandshakeResponse.java:30)
at org.openqa.selenium.remote.ProtocolHandshake.lambda$createSession$0(ProtocolHandshake.java:126)
at java.util.stream.ReferencePipeline$3$1.accept(ReferencePipeline.java:193)
at java.util.Spliterators$ArraySpliterator.tryAdvance(Spliterators.java:958)
at java.util.stream.ReferencePipeline.forEachWithCancel(ReferencePipeline.java:126)
at java.util.stream.AbstractPipeline.copyIntoWithCancel(AbstractPipeline.java:499)
at java.util.stream.AbstractPipeline.copyInto(AbstractPipeline.java:486)
at java.util.stream.AbstractPipeline.wrapAndCopyInto(AbstractPipeline.java:472)
at java.util.stream.FindOps$FindOp.evaluateSequential(FindOps.java:152)
at java.util.stream.AbstractPipeline.evaluate(AbstractPipeline.java:234)
at java.util.stream.ReferencePipeline.findFirst(ReferencePipeline.java:464)
at org.openqa.selenium.remote.ProtocolHandshake.createSession(ProtocolHandshake.java:128)
at org.openqa.selenium.remote.ProtocolHandshake.createSession(ProtocolHandshake.java:74)
at org.openqa.selenium.remote.HttpCommandExecutor.execute(HttpCommandExecutor.java:136)
at org.openqa.selenium.remote.service.DriverCommandExecutor.execute(DriverCommandExecutor.java:83)
at org.openqa.selenium.remote.RemoteWebDriver.execute(RemoteWebDriver.java:552)
at org.openqa.selenium.remote.RemoteWebDriver.startSession(RemoteWebDriver.java:213)
at org.openqa.selenium.remote.RemoteWebDriver.<init>(RemoteWebDriver.java:131)
at org.openqa.selenium.chrome.ChromeDriver.<init>(ChromeDriver.java:181)
at org.openqa.selenium.chrome.ChromeDriver.<init>(ChromeDriver.java:168)
at org.openqa.selenium.chrome.ChromeDriver.<init>(ChromeDriver.java:157)
at com.crm.qa.base.TestBase.initialization(TestBase.java:40)
at com.crm.qa.testcases.LoginPageTest.setUp(LoginPageTest.java:29)
at sun.reflect.NativeMethodAccessorImpl.invoke0(Native Method)
at sun.reflect.NativeMethodAccessorImpl.invoke(NativeMethodAccessorImpl.java:62)
at sun.reflect.DelegatingMethodAccessorImpl.invoke(DelegatingMethodAccessorImpl.java:43)
at java.lang.reflect.Method.invoke(Method.java:498)
at org.testng.internal.MethodInvocationHelper.invokeMethod(MethodInvocationHelper.java:134)
at org.testng.internal.MethodInvocationHelper.invokeMethodConsideringTimeout(MethodInvocationHelper.java:63)
at org.testng.internal.ConfigInvoker.invokeConfigurationMethod(ConfigInvoker.java:348)
at org.testng.internal.ConfigInvoker.invokeConfigurations(ConfigInvoker.java:302)
at org.testng.internal.TestInvoker.runConfigMethods(TestInvoker.java:695)
at org.testng.internal.TestInvoker.invokeMethod(TestInvoker.java:523)
at org.testng.internal.TestInvoker.invokeTestMethod(TestInvoker.java:173)
at org.testng.internal.MethodRunner.runInSequence(MethodRunner.java:46)
at org.testng.internal.TestInvoker$MethodInvocationAgent.invoke(TestInvoker.java:816)
at org.testng.internal.TestInvoker.invokeTestMethods(TestInvoker.java:146)
at org.testng.internal.TestMethodWorker.invokeTestMethods(TestMethodWorker.java:146)
at org.testng.internal.TestMethodWorker.run(TestMethodWorker.java:128)
at java.util.ArrayList.forEach(ArrayList.java:1259)
at org.testng.TestRunner.privateRun(TestRunner.java:766)
at org.testng.TestRunner.run(TestRunner.java:587)
at org.testng.SuiteRunner.runTest(SuiteRunner.java:384)
at org.testng.SuiteRunner.runSequentially(SuiteRunner.java:378)
at org.testng.SuiteRunner.privateRun(SuiteRunner.java:337)
at org.testng.SuiteRunner.run(SuiteRunner.java:286)
at org.testng.SuiteRunnerWorker.runSuite(SuiteRunnerWorker.java:53)
at org.testng.SuiteRunnerWorker.run(SuiteRunnerWorker.java:96)
at org.testng.TestNG.runSuitesSequentially(TestNG.java:1187)
at org.testng.TestNG.runSuitesLocally(TestNG.java:1109)
at org.testng.TestNG.runSuites(TestNG.java:1039)
at org.testng.TestNG.run(TestNG.java:1007)
at org.apache.maven.surefire.testng.TestNGExecutor.run(TestNGExecutor.java:135)
at org.apache.maven.surefire.testng.TestNGDirectoryTestSuite.executeMulti(TestNGDirectoryTestSuite.java:193)
at org.apache.maven.surefire.testng.TestNGDirectoryTestSuite.execute(TestNGDirectoryTestSuite.java:94)
at org.apache.maven.surefire.testng.TestNGProvider.invoke(TestNGProvider.java:146)
at org.apache.maven.surefire.booter.ForkedBooter.invokeProviderInSameClassLoader(ForkedBooter.java:384)
at org.apache.maven.surefire.booter.ForkedBooter.runSuitesInProcess(ForkedBooter.java:345)
at org.apache.maven.surefire.booter.ForkedBooter.execute(ForkedBooter.java:126)
at org.apache.maven.surefire.booter.ForkedBooter.main(ForkedBooter.java:418)
]]>
            </full-stacktrace>
          </exception> <!-- org.openqa.selenium.SessionNotCreatedException -->
          <reporter-output>
          </reporter-output>
        </test-method> <!-- clickOnSignUpPageLinkTest -->
        <test-method status="SKIP" signature="tearDown()[pri:0, instance:com.crm.qa.testcases.LoginPageTest@2d928643]" name="tearDown" is-config="true" duration-ms="-1612844114141" started-at="2021-02-09T00:15:14 AST" finished-at="1969-12-31T20:00:00 AST">
          <reporter-output>
          </reporter-output>
        </test-method> <!-- tearDown -->
      </class> <!-- com.crm.qa.testcases.LoginPageTest -->
      <class name="com.crm.qa.testcases.NewContactsPageTest">
        <test-method status="PASS" signature="setUp()[pri:0, instance:com.crm.qa.testcases.NewContactsPageTest@5025a98f]" name="setUp" is-config="true" duration-ms="10437" started-at="2021-02-09T00:15:16 AST" finished-at="2021-02-09T00:15:26 AST">
          <reporter-output>
          </reporter-output>
        </test-method> <!-- setUp -->
        <test-method status="PASS" signature="newContactCreationTest(java.lang.String, java.lang.String, java.lang.String)[pri:1, instance:com.crm.qa.testcases.NewContactsPageTest@5025a98f]" name="newContactCreationTest" duration-ms="6550" started-at="2021-02-09T00:15:26 AST" data-provider="getCrmTestData" finished-at="2021-02-09T00:15:33 AST">
          <params>
            <param index="0">
              <value>
                <![CDATA[Neenu]]>
              </value>
            </param>
            <param index="1">
              <value>
                <![CDATA[Samuel ]]>
              </value>
            </param>
            <param index="2">
              <value>
                <![CDATA[Google]]>
              </value>
            </param>
          </params>
          <reporter-output>
          </reporter-output>
        </test-method> <!-- newContactCreationTest -->
        <test-method status="PASS" signature="tearDown()[pri:0, instance:com.crm.qa.testcases.NewContactsPageTest@5025a98f]" name="tearDown" is-config="true" duration-ms="871" started-at="2021-02-09T00:15:33 AST" finished-at="2021-02-09T00:15:33 AST">
          <reporter-output>
          </reporter-output>
        </test-method> <!-- tearDown -->
        <test-method status="PASS" signature="setUp()[pri:0, instance:com.crm.qa.testcases.NewContactsPageTest@5025a98f]" name="setUp" is-config="true" duration-ms="11447" started-at="2021-02-09T00:15:33 AST" finished-at="2021-02-09T00:15:45 AST">
          <reporter-output>
          </reporter-output>
        </test-method> <!-- setUp -->
        <test-method status="PASS" signature="newContactCreationTest(java.lang.String, java.lang.String, java.lang.String)[pri:1, instance:com.crm.qa.testcases.NewContactsPageTest@5025a98f]" name="newContactCreationTest" duration-ms="6697" started-at="2021-02-09T00:15:45 AST" data-provider="getCrmTestData" finished-at="2021-02-09T00:15:52 AST">
          <params>
            <param index="0">
              <value>
                <![CDATA[AK]]>
              </value>
            </param>
            <param index="1">
              <value>
                <![CDATA[Pillai]]>
              </value>
            </param>
            <param index="2">
              <value>
                <![CDATA[Facebook]]>
              </value>
            </param>
          </params>
          <reporter-output>
          </reporter-output>
        </test-method> <!-- newContactCreationTest -->
        <test-method status="PASS" signature="tearDown()[pri:0, instance:com.crm.qa.testcases.NewContactsPageTest@5025a98f]" name="tearDown" is-config="true" duration-ms="1066" started-at="2021-02-09T00:15:52 AST" finished-at="2021-02-09T00:15:53 AST">
          <reporter-output>
          </reporter-output>
        </test-method> <!-- tearDown -->
        <test-method status="PASS" signature="setUp()[pri:0, instance:com.crm.qa.testcases.NewContactsPageTest@5025a98f]" name="setUp" is-config="true" duration-ms="11490" started-at="2021-02-09T00:15:53 AST" finished-at="2021-02-09T00:16:04 AST">
          <reporter-output>
          </reporter-output>
        </test-method> <!-- setUp -->
        <test-method status="PASS" signature="newContactCreationTest(java.lang.String, java.lang.String, java.lang.String)[pri:1, instance:com.crm.qa.testcases.NewContactsPageTest@5025a98f]" name="newContactCreationTest" duration-ms="6365" started-at="2021-02-09T00:16:04 AST" data-provider="getCrmTestData" finished-at="2021-02-09T00:16:11 AST">
          <params>
            <param index="0">
              <value>
                <![CDATA[Roja]]>
              </value>
            </param>
            <param index="1">
              <value>
                <![CDATA[Abraham]]>
              </value>
            </param>
            <param index="2">
              <value>
                <![CDATA[Apollo]]>
              </value>
            </param>
          </params>
          <reporter-output>
          </reporter-output>
        </test-method> <!-- newContactCreationTest -->
        <test-method status="PASS" signature="tearDown()[pri:0, instance:com.crm.qa.testcases.NewContactsPageTest@5025a98f]" name="tearDown" is-config="true" duration-ms="918" started-at="2021-02-09T00:16:11 AST" finished-at="2021-02-09T00:16:11 AST">
          <reporter-output>
          </reporter-output>
        </test-method> <!-- tearDown -->
        <test-method status="PASS" signature="setUp()[pri:0, instance:com.crm.qa.testcases.NewContactsPageTest@5025a98f]" name="setUp" is-config="true" duration-ms="11231" started-at="2021-02-09T00:16:11 AST" finished-at="2021-02-09T00:16:23 AST">
          <reporter-output>
          </reporter-output>
        </test-method> <!-- setUp -->
        <test-method status="PASS" signature="newContactCreationTest(java.lang.String, java.lang.String, java.lang.String)[pri:1, instance:com.crm.qa.testcases.NewContactsPageTest@5025a98f]" name="newContactCreationTest" duration-ms="6367" started-at="2021-02-09T00:16:23 AST" data-provider="getCrmTestData" finished-at="2021-02-09T00:16:29 AST">
          <params>
            <param index="0">
              <value>
                <![CDATA[Nisha]]>
              </value>
            </param>
            <param index="1">
              <value>
                <![CDATA[Shiju]]>
              </value>
            </param>
            <param index="2">
              <value>
                <![CDATA[MHM]]>
              </value>
            </param>
          </params>
          <reporter-output>
          </reporter-output>
        </test-method> <!-- newContactCreationTest -->
        <test-method status="PASS" signature="tearDown()[pri:0, instance:com.crm.qa.testcases.NewContactsPageTest@5025a98f]" name="tearDown" is-config="true" duration-ms="823" started-at="2021-02-09T00:16:29 AST" finished-at="2021-02-09T00:16:30 AST">
          <reporter-output>
          </reporter-output>
        </test-method> <!-- tearDown -->
        <test-method status="PASS" signature="setUp()[pri:0, instance:com.crm.qa.testcases.NewContactsPageTest@5025a98f]" name="setUp" is-config="true" duration-ms="10819" started-at="2021-02-09T00:16:30 AST" finished-at="2021-02-09T00:16:41 AST">
          <reporter-output>
          </reporter-output>
        </test-method> <!-- setUp -->
        <test-method status="PASS" signature="newContactCreationTest(java.lang.String, java.lang.String, java.lang.String)[pri:1, instance:com.crm.qa.testcases.NewContactsPageTest@5025a98f]" name="newContactCreationTest" duration-ms="6326" started-at="2021-02-09T00:16:41 AST" data-provider="getCrmTestData" finished-at="2021-02-09T00:16:47 AST">
          <params>
            <param index="0">
              <value>
                <![CDATA[Feba]]>
              </value>
            </param>
            <param index="1">
              <value>
                <![CDATA[Benny]]>
              </value>
            </param>
            <param index="2">
              <value>
                <![CDATA[Reliance]]>
              </value>
            </param>
          </params>
          <reporter-output>
          </reporter-output>
        </test-method> <!-- newContactCreationTest -->
        <test-method status="PASS" signature="tearDown()[pri:0, instance:com.crm.qa.testcases.NewContactsPageTest@5025a98f]" name="tearDown" is-config="true" duration-ms="834" started-at="2021-02-09T00:16:47 AST" finished-at="2021-02-09T00:16:48 AST">
          <reporter-output>
          </reporter-output>
        </test-method> <!-- tearDown -->
      </class> <!-- com.crm.qa.testcases.NewContactsPageTest -->
    </test> <!-- Surefire test -->
  </suite> <!-- Surefire suite -->
</testng-results>
