<?xml version="1.0" encoding="UTF-8"?>
<!-- Generated by org.testng.reporters.JUnitReportReporter -->
<testsuite hostname="Dell5250" failures="0" tests="4" name="com.crm.qa.testcases.ContactsPageTest" time="3.966" errors="1" timestamp="2020-12-31T14:14:52 AST" skipped="3">
  <testcase classname="com.crm.qa.testcases.ContactsPageTest" name="setUp" time="3.966">
    <error message="session not created: This version of ChromeDriver only supports Chrome version 79
Build info: version: &#039;3.141.59&#039;, revision: &#039;e82be7d358&#039;, time: &#039;2018-11-14T08:17:03&#039;
System info: host: &#039;DELL5250&#039;, ip: &#039;192.168.2.14&#039;, os.name: &#039;Windows 10&#039;, os.arch: &#039;amd64&#039;, os.version: &#039;10.0&#039;, java.version: &#039;13.0.2&#039;
Driver info: driver.version: ChromeDriver
remote stacktrace: Backtrace:
	Ordinal0 [0x0055A113+1548563]
	Ordinal0 [0x004DDDA1+1039777]
	Ordinal0 [0x0045E485+517253]
	Ordinal0 [0x003EFD34+64820]
	Ordinal0 [0x003EC61E+50718]
	Ordinal0 [0x0040B797+178071]
	Ordinal0 [0x0040B59D+177565]
	Ordinal0 [0x004095FB+169467]
	Ordinal0 [0x003F160A+71178]
	Ordinal0 [0x003F2690+75408]
	Ordinal0 [0x003F2629+75305]
	Ordinal0 [0x004F71B7+1143223]
	GetHandleVerifier [0x005F2B46+507814]
	GetHandleVerifier [0x005F2864+507076]
	GetHandleVerifier [0x005F9F47+537511]
	GetHandleVerifier [0x005F3402+510050]
	Ordinal0 [0x004EF29C+1110684]
	Ordinal0 [0x004F938B+1151883]
	Ordinal0 [0x004F94F3+1152243]
	Ordinal0 [0x004F83F5+1147893]
	BaseThreadInitThunk [0x752AFA29+25]
	RtlGetAppContainerNamedObjectPath [0x772F75F4+228]
	RtlGetAppContainerNamedObjectPath [0x772F75C4+180]
" type="org.openqa.selenium.SessionNotCreatedException">
      <![CDATA[org.openqa.selenium.SessionNotCreatedException: session not created: This version of ChromeDriver only supports Chrome version 79
Build info: version: '3.141.59', revision: 'e82be7d358', time: '2018-11-14T08:17:03'
System info: host: 'DELL5250', ip: '192.168.2.14', os.name: 'Windows 10', os.arch: 'amd64', os.version: '10.0', java.version: '13.0.2'
Driver info: driver.version: ChromeDriver
remote stacktrace: Backtrace:
Ordinal0 [0x0055A113+1548563]
Ordinal0 [0x004DDDA1+1039777]
Ordinal0 [0x0045E485+517253]
Ordinal0 [0x003EFD34+64820]
Ordinal0 [0x003EC61E+50718]
Ordinal0 [0x0040B797+178071]
Ordinal0 [0x0040B59D+177565]
Ordinal0 [0x004095FB+169467]
Ordinal0 [0x003F160A+71178]
Ordinal0 [0x003F2690+75408]
Ordinal0 [0x003F2629+75305]
Ordinal0 [0x004F71B7+1143223]
GetHandleVerifier [0x005F2B46+507814]
GetHandleVerifier [0x005F2864+507076]
GetHandleVerifier [0x005F9F47+537511]
GetHandleVerifier [0x005F3402+510050]
Ordinal0 [0x004EF29C+1110684]
Ordinal0 [0x004F938B+1151883]
Ordinal0 [0x004F94F3+1152243]
Ordinal0 [0x004F83F5+1147893]
BaseThreadInitThunk [0x752AFA29+25]
RtlGetAppContainerNamedObjectPath [0x772F75F4+228]
RtlGetAppContainerNamedObjectPath [0x772F75C4+180]

at java.base/jdk.internal.reflect.NativeConstructorAccessorImpl.newInstance0(Native Method)
at java.base/jdk.internal.reflect.NativeConstructorAccessorImpl.newInstance(NativeConstructorAccessorImpl.java:62)
at java.base/jdk.internal.reflect.DelegatingConstructorAccessorImpl.newInstance(DelegatingConstructorAccessorImpl.java:45)
at java.base/java.lang.reflect.Constructor.newInstanceWithCaller(Constructor.java:500)
at java.base/java.lang.reflect.Constructor.newInstance(Constructor.java:481)
at org.openqa.selenium.remote.W3CHandshakeResponse.lambda$errorHandler$0(W3CHandshakeResponse.java:62)
at org.openqa.selenium.remote.HandshakeResponse.lambda$getResponseFunction$0(HandshakeResponse.java:30)
at org.openqa.selenium.remote.ProtocolHandshake.lambda$createSession$0(ProtocolHandshake.java:126)
at java.base/java.util.stream.ReferencePipeline$3$1.accept(ReferencePipeline.java:195)
at java.base/java.util.Spliterators$ArraySpliterator.tryAdvance(Spliterators.java:958)
at java.base/java.util.stream.ReferencePipeline.forEachWithCancel(ReferencePipeline.java:127)
at java.base/java.util.stream.AbstractPipeline.copyIntoWithCancel(AbstractPipeline.java:502)
at java.base/java.util.stream.AbstractPipeline.copyInto(AbstractPipeline.java:488)
at java.base/java.util.stream.AbstractPipeline.wrapAndCopyInto(AbstractPipeline.java:474)
at java.base/java.util.stream.FindOps$FindOp.evaluateSequential(FindOps.java:150)
at java.base/java.util.stream.AbstractPipeline.evaluate(AbstractPipeline.java:234)
at java.base/java.util.stream.ReferencePipeline.findFirst(ReferencePipeline.java:543)
at org.openqa.selenium.remote.ProtocolHandshake.createSession(ProtocolHandshake.java:128)
at org.openqa.selenium.remote.ProtocolHandshake.createSession(ProtocolHandshake.java:74)
at org.openqa.selenium.remote.HttpCommandExecutor.execute(HttpCommandExecutor.java:136)
at org.openqa.selenium.remote.service.DriverCommandExecutor.execute(DriverCommandExecutor.java:83)
at org.openqa.selenium.remote.RemoteWebDriver.execute(RemoteWebDriver.java:552)
at org.openqa.selenium.remote.RemoteWebDriver.startSession(RemoteWebDriver.java:213)
at org.openqa.selenium.remote.RemoteWebDriver.<init>(RemoteWebDriver.java:131)
at org.openqa.selenium.chrome.ChromeDriver.<init>(ChromeDriver.java:181)
at org.openqa.selenium.chrome.ChromeDriver.<init>(ChromeDriver.java:168)
at org.openqa.selenium.chrome.ChromeDriver.<init>(ChromeDriver.java:123)
at com.crm.qa.base.TestBase.initialization(TestBase.java:36)
at com.crm.qa.testcases.ContactsPageTest.setUp(ContactsPageTest.java:26)
at java.base/jdk.internal.reflect.NativeMethodAccessorImpl.invoke0(Native Method)
at java.base/jdk.internal.reflect.NativeMethodAccessorImpl.invoke(NativeMethodAccessorImpl.java:62)
at java.base/jdk.internal.reflect.DelegatingMethodAccessorImpl.invoke(DelegatingMethodAccessorImpl.java:43)
at java.base/java.lang.reflect.Method.invoke(Method.java:567)
at org.testng.internal.MethodInvocationHelper.invokeMethod(MethodInvocationHelper.java:133)
at org.testng.internal.MethodInvocationHelper.invokeMethodConsideringTimeout(MethodInvocationHelper.java:62)
at org.testng.internal.ConfigInvoker.invokeConfigurationMethod(ConfigInvoker.java:340)
at org.testng.internal.ConfigInvoker.invokeConfigurations(ConfigInvoker.java:294)
at org.testng.internal.TestInvoker.runConfigMethods(TestInvoker.java:683)
at org.testng.internal.TestInvoker.invokeMethod(TestInvoker.java:510)
at org.testng.internal.TestInvoker.invokeTestMethod(TestInvoker.java:172)
at org.testng.internal.MethodRunner.runInSequence(MethodRunner.java:46)
at org.testng.internal.TestInvoker$MethodInvocationAgent.invoke(TestInvoker.java:804)
at org.testng.internal.TestInvoker.invokeTestMethods(TestInvoker.java:145)
at org.testng.internal.TestMethodWorker.invokeTestMethods(TestMethodWorker.java:146)
at org.testng.internal.TestMethodWorker.run(TestMethodWorker.java:128)
at java.base/java.util.ArrayList.forEach(ArrayList.java:1507)
at org.testng.TestRunner.privateRun(TestRunner.java:770)
at org.testng.TestRunner.run(TestRunner.java:591)
at org.testng.SuiteRunner.runTest(SuiteRunner.java:402)
at org.testng.SuiteRunner.runSequentially(SuiteRunner.java:396)
at org.testng.SuiteRunner.privateRun(SuiteRunner.java:355)
at org.testng.SuiteRunner.run(SuiteRunner.java:304)
at org.testng.SuiteRunnerWorker.runSuite(SuiteRunnerWorker.java:53)
at org.testng.SuiteRunnerWorker.run(SuiteRunnerWorker.java:96)
at org.testng.TestNG.runSuitesSequentially(TestNG.java:1180)
at org.testng.TestNG.runSuitesLocally(TestNG.java:1102)
at org.testng.TestNG.runSuites(TestNG.java:1032)
at org.testng.TestNG.run(TestNG.java:1000)
at org.testng.remote.AbstractRemoteTestNG.run(AbstractRemoteTestNG.java:115)
at org.testng.remote.RemoteTestNG.initAndRun(RemoteTestNG.java:251)
at org.testng.remote.RemoteTestNG.main(RemoteTestNG.java:77)
]]>
    </error>
  </testcase> <!-- setUp -->
  <testcase classname="com.crm.qa.testcases.ContactsPageTest" name="contactsLabelTest" time="0.000">
    <skipped/>
  </testcase> <!-- contactsLabelTest -->
  <testcase classname="com.crm.qa.testcases.ContactsPageTest" name="singleContactsNameTest" time="0.000">
    <skipped/>
  </testcase> <!-- singleContactsNameTest -->
  <testcase classname="com.crm.qa.testcases.ContactsPageTest" name="multipleContactsNameTest" time="0.000">
    <skipped/>
  </testcase> <!-- multipleContactsNameTest -->
</testsuite> <!-- com.crm.qa.testcases.ContactsPageTest -->
