<?xml version="1.0" encoding="UTF-8"?>
<!-- Generated by org.testng.reporters.JUnitReportReporter -->
<testsuite skipped="1" hostname="Dell5250" name="com.crm.qa.testcases.LoginPageTest" tests="4" failures="0" timestamp="2021-02-09T00:16:48 AST" time="22.229" errors="1">
  <testcase name="setUp" time="12.340" classname="com.crm.qa.testcases.LoginPageTest">
    <error type="org.openqa.selenium.SessionNotCreatedException" message="session not created
from tab crashed
  (Session info: headless chrome=88.0.4324.146)
Build info: version: &#039;3.141.59&#039;, revision: &#039;e82be7d358&#039;, time: &#039;2018-11-14T08:17:03&#039;
System info: host: &#039;DELL5250&#039;, ip: &#039;192.168.2.14&#039;, os.name: &#039;Windows 10&#039;, os.arch: &#039;amd64&#039;, os.version: &#039;10.0&#039;, java.version: &#039;1.8.0_281&#039;
Driver info: driver.version: ChromeDriver
remote stacktrace: Backtrace:
	GetHandleVerifier [0x0037B963+483]
	GetHandleVerifier [0x0037B941+449]
	GetHandleVerifier [0x007231B0+3832368]
	GetHandleVerifier [0x00718250+3787472]
	GetHandleVerifier [0x00718028+3786920]
	GetHandleVerifier [0x007176CD+3784525]
	GetHandleVerifier [0x00716A47+3781319]
	GetHandleVerifier [0x00716E36+3782326]
	GetHandleVerifier [0x00716765+3780581]
	GetHandleVerifier [0x0071FB21+3818401]
	GetHandleVerifier [0x00716721+3780513]
	GetHandleVerifier [0x007174B2+3783986]
	GetHandleVerifier [0x00716A47+3781319]
	GetHandleVerifier [0x00716E36+3782326]
	GetHandleVerifier [0x00716765+3780581]
	GetHandleVerifier [0x0071BD38+3802552]
	GetHandleVerifier [0x0071BD87+3802631]
	GetHandleVerifier [0x00716721+3780513]
	GetHandleVerifier [0x007174B2+3783986]
	GetHandleVerifier [0x00716A47+3781319]
	GetHandleVerifier [0x00716E36+3782326]
	GetHandleVerifier [0x00716765+3780581]
	GetHandleVerifier [0x0071DF9C+3811356]
	GetHandleVerifier [0x00716721+3780513]
	GetHandleVerifier [0x007174B2+3783986]
	GetHandleVerifier [0x00716A47+3781319]
	GetHandleVerifier [0x00716E36+3782326]
	GetHandleVerifier [0x00716765+3780581]
	GetHandleVerifier [0x0071C392+3804178]
	GetHandleVerifier [0x00716721+3780513]
	GetHandleVerifier [0x007174B2+3783986]
	GetHandleVerifier [0x00716A47+3781319]
	GetHandleVerifier [0x00716E36+3782326]
	GetHandleVerifier [0x00716765+3780581]
	GetHandleVerifier [0x0071B655+3800789]
	GetHandleVerifier [0x00716721+3780513]
	GetHandleVerifier [0x007174B2+3783986]
	GetHandleVerifier [0x00716A47+3781319]
	GetHandleVerifier [0x00716E36+3782326]
	GetHandleVerifier [0x00716765+3780581]
	GetHandleVerifier [0x00712F46+3766214]
	GetHandleVerifier [0x00716721+3780513]
	GetHandleVerifier [0x00716543+3780035]
	GetHandleVerifier [0x00716337+3779511]
	GetHandleVerifier [0x00724540+3837376]
	GetHandleVerifier [0x0075F4BC+4078908]
	GetHandleVerifier [0x0075E56C+4074988]
	GetHandleVerifier [0x0075B2EB+4062059]
	GetHandleVerifier [0x0073ED14+3945876]
	GetHandleVerifier [0x0073FBCE+3949646]
	GetHandleVerifier [0x0073FB59+3949529]
	Ordinal0 [0x0033B5CC+46540]
	Ordinal0 [0x00339F53+40787]
	Ordinal0 [0x00339B12+39698]
	GetHandleVerifier [0x00641468+2907368]
	GetHandleVerifier [0x004871EE+1096302]
	GetHandleVerifier [0x00443E8D+821005]
	GetHandleVerifier [0x0044396B+819691]
	GetHandleVerifier [0x00443881+819457]
	GetHandleVerifier [0x0046F463+998627]
	BaseThreadInitThunk [0x76A7FA29+25]
	RtlGetAppContainerNamedObjectPath [0x77A375F4+228]
	RtlGetAppContainerNamedObjectPath [0x77A375C4+180]
">
      <![CDATA[org.openqa.selenium.SessionNotCreatedException: session not created
from tab crashed
  (Session info: headless chrome=88.0.4324.146)
Build info: version: '3.141.59', revision: 'e82be7d358', time: '2018-11-14T08:17:03'
System info: host: 'DELL5250', ip: '192.168.2.14', os.name: 'Windows 10', os.arch: 'amd64', os.version: '10.0', java.version: '1.8.0_281'
Driver info: driver.version: ChromeDriver
remote stacktrace: Backtrace:
GetHandleVerifier [0x0037B963+483]
GetHandleVerifier [0x0037B941+449]
GetHandleVerifier [0x007231B0+3832368]
GetHandleVerifier [0x00718250+3787472]
GetHandleVerifier [0x00718028+3786920]
GetHandleVerifier [0x007176CD+3784525]
GetHandleVerifier [0x00716A47+3781319]
GetHandleVerifier [0x00716E36+3782326]
GetHandleVerifier [0x00716765+3780581]
GetHandleVerifier [0x0071FB21+3818401]
GetHandleVerifier [0x00716721+3780513]
GetHandleVerifier [0x007174B2+3783986]
GetHandleVerifier [0x00716A47+3781319]
GetHandleVerifier [0x00716E36+3782326]
GetHandleVerifier [0x00716765+3780581]
GetHandleVerifier [0x0071BD38+3802552]
GetHandleVerifier [0x0071BD87+3802631]
GetHandleVerifier [0x00716721+3780513]
GetHandleVerifier [0x007174B2+3783986]
GetHandleVerifier [0x00716A47+3781319]
GetHandleVerifier [0x00716E36+3782326]
GetHandleVerifier [0x00716765+3780581]
GetHandleVerifier [0x0071DF9C+3811356]
GetHandleVerifier [0x00716721+3780513]
GetHandleVerifier [0x007174B2+3783986]
GetHandleVerifier [0x00716A47+3781319]
GetHandleVerifier [0x00716E36+3782326]
GetHandleVerifier [0x00716765+3780581]
GetHandleVerifier [0x0071C392+3804178]
GetHandleVerifier [0x00716721+3780513]
GetHandleVerifier [0x007174B2+3783986]
GetHandleVerifier [0x00716A47+3781319]
GetHandleVerifier [0x00716E36+3782326]
GetHandleVerifier [0x00716765+3780581]
GetHandleVerifier [0x0071B655+3800789]
GetHandleVerifier [0x00716721+3780513]
GetHandleVerifier [0x007174B2+3783986]
GetHandleVerifier [0x00716A47+3781319]
GetHandleVerifier [0x00716E36+3782326]
GetHandleVerifier [0x00716765+3780581]
GetHandleVerifier [0x00712F46+3766214]
GetHandleVerifier [0x00716721+3780513]
GetHandleVerifier [0x00716543+3780035]
GetHandleVerifier [0x00716337+3779511]
GetHandleVerifier [0x00724540+3837376]
GetHandleVerifier [0x0075F4BC+4078908]
GetHandleVerifier [0x0075E56C+4074988]
GetHandleVerifier [0x0075B2EB+4062059]
GetHandleVerifier [0x0073ED14+3945876]
GetHandleVerifier [0x0073FBCE+3949646]
GetHandleVerifier [0x0073FB59+3949529]
Ordinal0 [0x0033B5CC+46540]
Ordinal0 [0x00339F53+40787]
Ordinal0 [0x00339B12+39698]
GetHandleVerifier [0x00641468+2907368]
GetHandleVerifier [0x004871EE+1096302]
GetHandleVerifier [0x00443E8D+821005]
GetHandleVerifier [0x0044396B+819691]
GetHandleVerifier [0x00443881+819457]
GetHandleVerifier [0x0046F463+998627]
BaseThreadInitThunk [0x76A7FA29+25]
RtlGetAppContainerNamedObjectPath [0x77A375F4+228]
RtlGetAppContainerNamedObjectPath [0x77A375C4+180]

at sun.reflect.NativeConstructorAccessorImpl.newInstance0(Native Method)
at sun.reflect.NativeConstructorAccessorImpl.newInstance(NativeConstructorAccessorImpl.java:62)
at sun.reflect.DelegatingConstructorAccessorImpl.newInstance(DelegatingConstructorAccessorImpl.java:45)
at java.lang.reflect.Constructor.newInstance(Constructor.java:423)
at org.openqa.selenium.remote.W3CHandshakeResponse.lambda$errorHandler$0(W3CHandshakeResponse.java:62)
at org.openqa.selenium.remote.HandshakeResponse.lambda$getResponseFunction$0(HandshakeResponse.java:30)
at org.openqa.selenium.remote.ProtocolHandshake.lambda$createSession$0(ProtocolHandshake.java:126)
at java.util.stream.ReferencePipeline$3$1.accept(ReferencePipeline.java:193)
at java.util.Spliterators$ArraySpliterator.tryAdvance(Spliterators.java:958)
at java.util.stream.ReferencePipeline.forEachWithCancel(ReferencePipeline.java:126)
at java.util.stream.AbstractPipeline.copyIntoWithCancel(AbstractPipeline.java:499)
at java.util.stream.AbstractPipeline.copyInto(AbstractPipeline.java:486)
at java.util.stream.AbstractPipeline.wrapAndCopyInto(AbstractPipeline.java:472)
at java.util.stream.FindOps$FindOp.evaluateSequential(FindOps.java:152)
at java.util.stream.AbstractPipeline.evaluate(AbstractPipeline.java:234)
at java.util.stream.ReferencePipeline.findFirst(ReferencePipeline.java:464)
at org.openqa.selenium.remote.ProtocolHandshake.createSession(ProtocolHandshake.java:128)
at org.openqa.selenium.remote.ProtocolHandshake.createSession(ProtocolHandshake.java:74)
at org.openqa.selenium.remote.HttpCommandExecutor.execute(HttpCommandExecutor.java:136)
at org.openqa.selenium.remote.service.DriverCommandExecutor.execute(DriverCommandExecutor.java:83)
at org.openqa.selenium.remote.RemoteWebDriver.execute(RemoteWebDriver.java:552)
at org.openqa.selenium.remote.RemoteWebDriver.startSession(RemoteWebDriver.java:213)
at org.openqa.selenium.remote.RemoteWebDriver.<init>(RemoteWebDriver.java:131)
at org.openqa.selenium.chrome.ChromeDriver.<init>(ChromeDriver.java:181)
at org.openqa.selenium.chrome.ChromeDriver.<init>(ChromeDriver.java:168)
at org.openqa.selenium.chrome.ChromeDriver.<init>(ChromeDriver.java:157)
at com.crm.qa.base.TestBase.initialization(TestBase.java:40)
at com.crm.qa.testcases.LoginPageTest.setUp(LoginPageTest.java:29)
at sun.reflect.NativeMethodAccessorImpl.invoke0(Native Method)
at sun.reflect.NativeMethodAccessorImpl.invoke(NativeMethodAccessorImpl.java:62)
at sun.reflect.DelegatingMethodAccessorImpl.invoke(DelegatingMethodAccessorImpl.java:43)
at java.lang.reflect.Method.invoke(Method.java:498)
at org.testng.internal.MethodInvocationHelper.invokeMethod(MethodInvocationHelper.java:134)
at org.testng.internal.MethodInvocationHelper.invokeMethodConsideringTimeout(MethodInvocationHelper.java:63)
at org.testng.internal.ConfigInvoker.invokeConfigurationMethod(ConfigInvoker.java:348)
at org.testng.internal.ConfigInvoker.invokeConfigurations(ConfigInvoker.java:302)
at org.testng.internal.TestInvoker.runConfigMethods(TestInvoker.java:695)
at org.testng.internal.TestInvoker.invokeMethod(TestInvoker.java:523)
at org.testng.internal.TestInvoker.invokeTestMethod(TestInvoker.java:173)
at org.testng.internal.MethodRunner.runInSequence(MethodRunner.java:46)
at org.testng.internal.TestInvoker$MethodInvocationAgent.invoke(TestInvoker.java:816)
at org.testng.internal.TestInvoker.invokeTestMethods(TestInvoker.java:146)
at org.testng.internal.TestMethodWorker.invokeTestMethods(TestMethodWorker.java:146)
at org.testng.internal.TestMethodWorker.run(TestMethodWorker.java:128)
at java.util.ArrayList.forEach(ArrayList.java:1259)
at org.testng.TestRunner.privateRun(TestRunner.java:766)
at org.testng.TestRunner.run(TestRunner.java:587)
at org.testng.SuiteRunner.runTest(SuiteRunner.java:384)
at org.testng.SuiteRunner.runSequentially(SuiteRunner.java:378)
at org.testng.SuiteRunner.privateRun(SuiteRunner.java:337)
at org.testng.SuiteRunner.run(SuiteRunner.java:286)
at org.testng.SuiteRunnerWorker.runSuite(SuiteRunnerWorker.java:53)
at org.testng.SuiteRunnerWorker.run(SuiteRunnerWorker.java:96)
at org.testng.TestNG.runSuitesSequentially(TestNG.java:1187)
at org.testng.TestNG.runSuitesLocally(TestNG.java:1109)
at org.testng.TestNG.runSuites(TestNG.java:1039)
at org.testng.TestNG.run(TestNG.java:1007)
at org.apache.maven.surefire.testng.TestNGExecutor.run(TestNGExecutor.java:135)
at org.apache.maven.surefire.testng.TestNGDirectoryTestSuite.executeMulti(TestNGDirectoryTestSuite.java:193)
at org.apache.maven.surefire.testng.TestNGDirectoryTestSuite.execute(TestNGDirectoryTestSuite.java:94)
at org.apache.maven.surefire.testng.TestNGProvider.invoke(TestNGProvider.java:146)
at org.apache.maven.surefire.booter.ForkedBooter.invokeProviderInSameClassLoader(ForkedBooter.java:384)
at org.apache.maven.surefire.booter.ForkedBooter.runSuitesInProcess(ForkedBooter.java:345)
at org.apache.maven.surefire.booter.ForkedBooter.execute(ForkedBooter.java:126)
at org.apache.maven.surefire.booter.ForkedBooter.main(ForkedBooter.java:418)
]]>
    </error>
  </testcase> <!-- setUp -->
  <system-out/>
  <testcase name="loginPageTitleTest" time="9.277" classname="com.crm.qa.testcases.LoginPageTest"/>
  <system-out/>
  <testcase name="loginTest" time="0.612" classname="com.crm.qa.testcases.LoginPageTest"/>
  <system-out/>
  <testcase name="clickOnSignUpPageLinkTest" time="0.000" classname="com.crm.qa.testcases.LoginPageTest">
    <skipped/>
  </testcase> <!-- clickOnSignUpPageLinkTest -->
  <system-out/>
</testsuite> <!-- com.crm.qa.testcases.LoginPageTest -->
